#
# A fatal error has been detected by the Java Runtime Environment:
#
#  EXCEPTION_ACCESS_VIOLATION (0xc0000005) at pc=0x00007ff8e4a9e94f, pid=16040, tid=0x0000000000002764
#
# JRE version: Java(TM) SE Runtime Environment (8.0_211-b12) (build 1.8.0_211-b12)
# Java VM: Java HotSpot(TM) 64-Bit Server VM (25.211-b12 mixed mode windows-amd64 compressed oops)
# Problematic frame:
# C  [CLIPSJNI.dll+0x1e94f]
#
# Failed to write core dump. Minidumps are not enabled by default on client versions of Windows
#
# If you would like to submit a bug report, please visit:
#   http://bugreport.java.com/bugreport/crash.jsp
# The crash happened outside the Java Virtual Machine in native code.
# See problematic frame for where to report the bug.
#

---------------  T H R E A D  ---------------

Current thread (0x000000001fab7000):  JavaThread "AWT-EventQueue-0" [_thread_in_native, id=10084, stack(0x0000000020690000,0x0000000020790000)]

siginfo: ExceptionCode=0xc0000005, reading address 0x000000000000000c

Registers:
RAX=0x0000000000000000, RBX=0x000000001bfc7f68, RCX=0x0000000020f23f70, RDX=0x000000001fab71f8
RSP=0x000000002078cee0, RBP=0x000000002078cfd8, RSI=0x0000000000000500, RDI=0x000000000297835d
R8 =0x0000000020fbbad0, R9 =0x00000000000000dc, R10=0x0000000002988c3b, R11=0x000000005a13cef0
R12=0x0000000000000000, R13=0x000000001bfc7f68, R14=0x000000002078d008, R15=0x000000001fab7000
RIP=0x00007ff8e4a9e94f, EFLAGS=0x0000000000010206

Top of Stack: (sp=0x000000002078cee0)
0x000000002078cee0:   0000000000000000 000000002078cf00
0x000000002078cef0:   000000002078cf58 000000000297835d
0x000000002078cf00:   000000001fab71f8 0000000000000001
0x000000002078cf10:   0000000000000000 00007ff8e4b30481
0x000000002078cf20:   0000000020fbbad0 000000001fab71f8
0x000000002078cf30:   000000001bce1350 0000000000000000
0x000000002078cf40:   000000001fab71f8 0000000000000000
0x000000002078cf50:   000000002078cf68 0000000002988c67
0x000000002078cf60:   000000001fab71f8 000000002078d008
0x000000002078cf70:   0000000020fbbad0 0000000000000000
0x000000002078cf80:   000000002078cf70 000000001bcde834
0x000000002078cf90:   000000002078cfe0 000000002078cf98
0x000000002078cfa0:   0000000000000000 000000002078d008
0x000000002078cfb0:   000000001bfca930 0000000000000000
0x000000002078cfc0:   000000001bfc7f68 0000000000000000
0x000000002078cfd0:   000000002078cff8 000000002078d050 

Instructions: (pc=0x00007ff8e4a9e94f)
0x00007ff8e4a9e92f:   cc 48 89 4c 24 08 48 83 ec 38 b8 08 00 00 00 48
0x00007ff8e4a9e93f:   6b c0 2a 48 8b 4c 24 40 48 8b 49 28 48 8b 04 01
0x00007ff8e4a9e94f:   83 78 0c 00 74 05 e9 6a 02 00 00 b8 08 00 00 00
0x00007ff8e4a9e95f:   48 6b c0 2a 48 8b 4c 24 40 48 8b 49 28 48 8b 04 


Register to memory mapping:

RAX=0x0000000000000000 is an unknown value
RBX={method} {0x000000001bfc7f70} 'reset' '(J)V' in 'net/sf/clipsrules/jni/Environment'
RCX=0x0000000020f23f70 is an unknown value
RDX=0x000000001fab71f8 is an unknown value
RSP=0x000000002078cee0 is pointing into the stack for thread: 0x000000001fab7000
RBP=0x000000002078cfd8 is pointing into the stack for thread: 0x000000001fab7000
RSI=0x0000000000000500 is an unknown value
RDI=0x000000000297835d is at code_begin+2301 in an Interpreter codelet
invoke return entry points  [0x0000000002977a60, 0x0000000002978440]  2528 bytes
R8 =0x0000000020fbbad0 is an unknown value
R9 =0x00000000000000dc is an unknown value
R10=0x0000000002988c3b is at code_begin+891 in an Interpreter codelet
method entry point (kind = native)  [0x00000000029888c0, 0x0000000002989280]  2496 bytes
R11=0x000000005a13cef0 is an unknown value
R12=0x0000000000000000 is an unknown value
R13={method} {0x000000001bfc7f70} 'reset' '(J)V' in 'net/sf/clipsrules/jni/Environment'
R14=0x000000002078d008 is pointing into the stack for thread: 0x000000001fab7000
R15=0x000000001fab7000 is a thread


Stack: [0x0000000020690000,0x0000000020790000],  sp=0x000000002078cee0,  free space=1011k
Native frames: (J=compiled Java code, j=interpreted, Vv=VM code, C=native code)
C  [CLIPSJNI.dll+0x1e94f]
C  [CLIPSJNI.dll+0xb0481]
C  0x0000000002988c67

Java frames: (J=compiled Java code, j=interpreted, Vv=VM code)
j  net.sf.clipsrules.jni.Environment.reset(J)V+0
j  net.sf.clipsrules.jni.Environment.reset()V+5
j  clips.proyecto.vista.Main$2.actionPerformed(Ljava/awt/event/ActionEvent;)V+627
j  javax.swing.AbstractButton.fireActionPerformed(Ljava/awt/event/ActionEvent;)V+83
j  javax.swing.AbstractButton$Handler.actionPerformed(Ljava/awt/event/ActionEvent;)V+5
j  javax.swing.DefaultButtonModel.fireActionPerformed(Ljava/awt/event/ActionEvent;)V+34
j  javax.swing.DefaultButtonModel.setPressed(Z)V+117
j  javax.swing.plaf.basic.BasicButtonListener.mouseReleased(Ljava/awt/event/MouseEvent;)V+35
j  java.awt.Component.processMouseEvent(Ljava/awt/event/MouseEvent;)V+64
j  javax.swing.JComponent.processMouseEvent(Ljava/awt/event/MouseEvent;)V+23
J 927 C1 java.awt.Component.processEvent(Ljava/awt/AWTEvent;)V (220 bytes) @ 0x0000000002cac2a4 [0x0000000002cabd80+0x524]
J 926 C1 java.awt.Container.processEvent(Ljava/awt/AWTEvent;)V (22 bytes) @ 0x0000000002caa00c [0x0000000002ca9ce0+0x32c]
J 840 C1 java.awt.Component.dispatchEventImpl(Ljava/awt/AWTEvent;)V (921 bytes) @ 0x0000000002c71974 [0x0000000002c6c440+0x5534]
J 731 C1 java.awt.Container.dispatchEventImpl(Ljava/awt/AWTEvent;)V (129 bytes) @ 0x0000000002bf7ccc [0x0000000002bf7b80+0x14c]
J 942 C1 java.awt.LightweightDispatcher.retargetMouseEvent(Ljava/awt/Component;ILjava/awt/event/MouseEvent;)V (372 bytes) @ 0x0000000002cba7dc [0x0000000002cb7fc0+0x281c]
J 837 C1 java.awt.LightweightDispatcher.processMouseEvent(Ljava/awt/event/MouseEvent;)Z (286 bytes) @ 0x0000000002c6995c [0x0000000002c68200+0x175c]
J 858 C1 java.awt.LightweightDispatcher.dispatchEvent(Ljava/awt/AWTEvent;)Z (73 bytes) @ 0x0000000002c7fc3c [0x0000000002c7f800+0x43c]
J 731 C1 java.awt.Container.dispatchEventImpl(Ljava/awt/AWTEvent;)V (129 bytes) @ 0x0000000002bf7c6c [0x0000000002bf7b80+0xec]
J 815 C1 java.awt.Window.dispatchEventImpl(Ljava/awt/AWTEvent;)V (23 bytes) @ 0x0000000002c54d64 [0x0000000002c54780+0x5e4]
J 736 C1 java.awt.EventQueue.dispatchEventImpl(Ljava/awt/AWTEvent;Ljava/lang/Object;)V (149 bytes) @ 0x0000000002bff8bc [0x0000000002bfe040+0x187c]
J 734 C1 java.awt.EventQueue$3.run()Ljava/lang/Void; (60 bytes) @ 0x0000000002bfd41c [0x0000000002bfd200+0x21c]
J 733 C1 java.awt.EventQueue$3.run()Ljava/lang/Object; (5 bytes) @ 0x0000000002bf740c [0x0000000002bf7380+0x8c]
v  ~StubRoutines::call_stub
J 629  java.security.AccessController.doPrivileged(Ljava/security/PrivilegedAction;Ljava/security/AccessControlContext;)Ljava/lang/Object; (0 bytes) @ 0x0000000002bc3566 [0x0000000002bc3500+0x66]
J 805 C1 java.awt.EventQueue$4.run()Ljava/lang/Object; (5 bytes) @ 0x0000000002c4c0f4 [0x0000000002c4bcc0+0x434]
v  ~StubRoutines::call_stub
J 629  java.security.AccessController.doPrivileged(Ljava/security/PrivilegedAction;Ljava/security/AccessControlContext;)Ljava/lang/Object; (0 bytes) @ 0x0000000002bc3566 [0x0000000002bc3500+0x66]
J 661 C1 java.awt.EventQueue.dispatchEvent(Ljava/awt/AWTEvent;)V (80 bytes) @ 0x0000000002bd5c3c [0x0000000002bd4d80+0xebc]
J 662 C1 java.awt.EventDispatchThread.pumpOneEventForFilters(I)V (190 bytes) @ 0x0000000002bd82dc [0x0000000002bd7180+0x115c]
j  java.awt.EventDispatchThread.pumpEventsForFilter(ILjava/awt/Conditional;Ljava/awt/EventFilter;)V+35
j  java.awt.EventDispatchThread.pumpEventsForHierarchy(ILjava/awt/Conditional;Ljava/awt/Component;)V+11
j  java.awt.EventDispatchThread.pumpEvents(ILjava/awt/Conditional;)V+4
j  java.awt.EventDispatchThread.pumpEvents(Ljava/awt/Conditional;)V+3
j  java.awt.EventDispatchThread.run()V+9
v  ~StubRoutines::call_stub

---------------  P R O C E S S  ---------------

Java Threads: ( => current thread )
  0x000000001fbf6800 JavaThread "TimerQueue" daemon [_thread_blocked, id=18360, stack(0x000000002d6d0000,0x000000002d7d0000)]
  0x000000001fb63800 JavaThread "D3D Screen Updater" daemon [_thread_blocked, id=19184, stack(0x000000002c270000,0x000000002c370000)]
  0x00000000026fe000 JavaThread "DestroyJavaVM" [_thread_blocked, id=16312, stack(0x0000000002770000,0x0000000002870000)]
=>0x000000001fab7000 JavaThread "AWT-EventQueue-0" [_thread_in_native, id=10084, stack(0x0000000020690000,0x0000000020790000)]
  0x000000001fab4000 JavaThread "AWT-Windows" daemon [_thread_in_native, id=6192, stack(0x0000000020410000,0x0000000020510000)]
  0x000000001faaf000 JavaThread "AWT-Shutdown" [_thread_blocked, id=3916, stack(0x0000000020310000,0x0000000020410000)]
  0x000000001faae800 JavaThread "Java2D Disposer" daemon [_thread_blocked, id=16208, stack(0x0000000020210000,0x0000000020310000)]
  0x000000001dd20800 JavaThread "Service Thread" daemon [_thread_blocked, id=14972, stack(0x000000001f6d0000,0x000000001f7d0000)]
  0x000000001dca5000 JavaThread "C1 CompilerThread3" daemon [_thread_blocked, id=1364, stack(0x000000001f5d0000,0x000000001f6d0000)]
  0x000000001dca4000 JavaThread "C2 CompilerThread2" daemon [_thread_blocked, id=9056, stack(0x000000001f4d0000,0x000000001f5d0000)]
  0x000000001dc95800 JavaThread "C2 CompilerThread1" daemon [_thread_blocked, id=1824, stack(0x000000001f3d0000,0x000000001f4d0000)]
  0x000000001dc8f000 JavaThread "C2 CompilerThread0" daemon [_thread_blocked, id=16496, stack(0x000000001f2d0000,0x000000001f3d0000)]
  0x000000001dc8c800 JavaThread "Attach Listener" daemon [_thread_blocked, id=2840, stack(0x000000001f1d0000,0x000000001f2d0000)]
  0x000000001dc89800 JavaThread "Signal Dispatcher" daemon [_thread_blocked, id=7068, stack(0x000000001f0d0000,0x000000001f1d0000)]
  0x000000001dc83000 JavaThread "Finalizer" daemon [_thread_blocked, id=6908, stack(0x000000001eee0000,0x000000001efe0000)]
  0x000000000296a000 JavaThread "Reference Handler" daemon [_thread_blocked, id=17864, stack(0x000000001ede0000,0x000000001eee0000)]

Other Threads:
  0x000000001c5a7000 VMThread [stack: 0x000000001ece0000,0x000000001ede0000] [id=13196]
  0x000000001dd43800 WatcherThread [stack: 0x000000001f7d0000,0x000000001f8d0000] [id=7608]

VM state:not at safepoint (normal execution)

VM Mutex/Monitor currently owned by a thread: None

heap address: 0x00000006c1800000, size: 4072 MB, Compressed Oops mode: Zero based, Oop shift amount: 3
Narrow klass base: 0x0000000000000000, Narrow klass shift: 3
Compressed class space size: 1073741824 Address: 0x00000007c0000000

Heap:
 PSYoungGen      total 76288K, used 14419K [0x000000076b300000, 0x0000000770800000, 0x00000007c0000000)
  eden space 65536K, 22% used [0x000000076b300000,0x000000076c114ee8,0x000000076f300000)
  from space 10752K, 0% used [0x000000076fd80000,0x000000076fd80000,0x0000000770800000)
  to   space 10752K, 0% used [0x000000076f300000,0x000000076f300000,0x000000076fd80000)
 ParOldGen       total 175104K, used 0K [0x00000006c1800000, 0x00000006cc300000, 0x000000076b300000)
  object space 175104K, 0% used [0x00000006c1800000,0x00000006c1800000,0x00000006cc300000)
 Metaspace       used 10686K, capacity 10896K, committed 11008K, reserved 1058816K
  class space    used 1358K, capacity 1450K, committed 1536K, reserved 1048576K

Card table byte_map: [0x0000000011d30000,0x0000000012530000] byte_map_base: 0x000000000e724000

Marking Bits: (ParMarkBitMap*) 0x000000005a735ce0
 Begin Bits: [0x0000000013480000, 0x0000000017420000)
 End Bits:   [0x0000000017420000, 0x000000001b3c0000)

Polling page: 0x0000000000cb0000

CodeCache: size=245760Kb used=4082Kb max_used=4082Kb free=241677Kb
 bounds [0x0000000002970000, 0x0000000002d70000, 0x0000000011970000]
 total_blobs=1592 nmethods=1133 adapters=371
 compilation: enabled

Compilation events (10 events):
Event: 38.962 Thread 0x000000001dca5000 1129       3       sun.java2d.d3d.D3DBlitLoops::createPackedParams (60 bytes)
Event: 38.962 Thread 0x000000001dca5000 nmethod 1129 0x0000000002d691d0 code [0x0000000002d69340, 0x0000000002d695f0]
Event: 38.962 Thread 0x000000001dca5000 1130       3       sun.java2d.d3d.D3DBlitLoops::enqueueBlit (102 bytes)
Event: 38.964 Thread 0x000000001dca5000 nmethod 1130 0x0000000002d69690 code [0x0000000002d698c0, 0x0000000002d6afc8]
Event: 39.014 Thread 0x000000001dca5000 1132       3       java.nio.CharBuffer::arrayOffset (35 bytes)
Event: 39.015 Thread 0x000000001dca5000 nmethod 1132 0x0000000002d6be10 code [0x0000000002d6bfa0, 0x0000000002d6c2b8]
Event: 39.015 Thread 0x000000001dca5000 1131       3       java.nio.Buffer::<init> (121 bytes)
Event: 39.017 Thread 0x000000001dca5000 nmethod 1131 0x0000000002d6c410 code [0x0000000002d6c6e0, 0x0000000002d6db88]
Event: 39.017 Thread 0x000000001dca5000 1133       3       java.nio.charset.CoderResult::isUnderflow (13 bytes)
Event: 39.017 Thread 0x000000001dca5000 nmethod 1133 0x0000000002d6e510 code [0x0000000002d6e660, 0x0000000002d6e810]

GC Heap History (0 events):
No events

Deoptimization events (6 events):
Event: 0.333 Thread 0x000000001fab7000 Uncommon trap: reason=null_check action=make_not_entrant pc=0x0000000002ae3dbc method=java.lang.String.equals(Ljava/lang/Object;)Z @ 8
Event: 2.214 Thread 0x000000001fab7000 Uncommon trap: reason=class_check action=maybe_recompile pc=0x0000000002aff48c method=java.lang.String.equals(Ljava/lang/Object;)Z @ 8
Event: 2.214 Thread 0x000000001fab7000 Uncommon trap: reason=class_check action=maybe_recompile pc=0x0000000002aff48c method=java.lang.String.equals(Ljava/lang/Object;)Z @ 8
Event: 2.397 Thread 0x000000001fab7000 Uncommon trap: reason=class_check action=maybe_recompile pc=0x0000000002aff48c method=java.lang.String.equals(Ljava/lang/Object;)Z @ 8
Event: 2.398 Thread 0x000000001fab7000 Uncommon trap: reason=class_check action=maybe_recompile pc=0x0000000002aff48c method=java.lang.String.equals(Ljava/lang/Object;)Z @ 8
Event: 36.168 Thread 0x000000001fab7000 Uncommon trap: reason=unstable_if action=reinterpret pc=0x0000000002d33d2c method=java.awt.EventQueue.postEvent(Ljava/awt/AWTEvent;I)V @ 6

Classes redefined (0 events):
No events

Internal exceptions (10 events):
Event: 0.034 Thread 0x00000000026fe000 Exception <a 'java/lang/NoSuchMethodError': Method sun.misc.Unsafe.prefetchRead(Ljava/lang/Object;J)V name or signature does not match> (0x000000076b307f98) thrown at [C:\re\workspace\8-2-build-windows-amd64-cygwin\jdk8u211\12973\hotspot\src\share\vm\prim
Event: 0.093 Thread 0x00000000026fe000 Exception <a 'java/security/PrivilegedActionException'> (0x000000076b3869a8) thrown at [C:\re\workspace\8-2-build-windows-amd64-cygwin\jdk8u211\12973\hotspot\src\share\vm\prims\jvm.cpp, line 1502]
Event: 0.093 Thread 0x00000000026fe000 Exception <a 'java/security/PrivilegedActionException'> (0x000000076b386bb8) thrown at [C:\re\workspace\8-2-build-windows-amd64-cygwin\jdk8u211\12973\hotspot\src\share\vm\prims\jvm.cpp, line 1502]
Event: 0.094 Thread 0x00000000026fe000 Exception <a 'java/security/PrivilegedActionException'> (0x000000076b38a828) thrown at [C:\re\workspace\8-2-build-windows-amd64-cygwin\jdk8u211\12973\hotspot\src\share\vm\prims\jvm.cpp, line 1502]
Event: 0.094 Thread 0x00000000026fe000 Exception <a 'java/security/PrivilegedActionException'> (0x000000076b38aa38) thrown at [C:\re\workspace\8-2-build-windows-amd64-cygwin\jdk8u211\12973\hotspot\src\share\vm\prims\jvm.cpp, line 1502]
Event: 0.098 Thread 0x00000000026fe000 Exception <a 'java/io/FileNotFoundException'> (0x000000076b38cc08) thrown at [C:\re\workspace\8-2-build-windows-amd64-cygwin\jdk8u211\12973\hotspot\src\share\vm\prims\jni.cpp, line 710]
Event: 0.130 Thread 0x00000000026fe000 Exception <a 'java/lang/NoSuchFieldError': method resolution failed> (0x000000076b5a5ea8) thrown at [C:\re\workspace\8-2-build-windows-amd64-cygwin\jdk8u211\12973\hotspot\src\share\vm\prims\methodHandles.cpp, line 1167]
Event: 0.133 Thread 0x00000000026fe000 Exception <a 'java/lang/NoSuchFieldError': method resolution failed> (0x000000076b5b3278) thrown at [C:\re\workspace\8-2-build-windows-amd64-cygwin\jdk8u211\12973\hotspot\src\share\vm\prims\methodHandles.cpp, line 1167]
Event: 0.180 Thread 0x000000001fab7000 Exception <a 'java/io/FileNotFoundException'> (0x000000076b82b590) thrown at [C:\re\workspace\8-2-build-windows-amd64-cygwin\jdk8u211\12973\hotspot\src\share\vm\prims\jni.cpp, line 710]
Event: 0.333 Thread 0x000000001fab7000 Implicit null exception at 0x0000000002ae3bdc to 0x0000000002ae3dad

Events (10 events):
Event: 6.592 loading class java/awt/Canvas done
Event: 6.592 loading class java/awt/Scrollbar
Event: 6.592 loading class java/awt/Adjustable
Event: 6.592 loading class java/awt/Adjustable done
Event: 6.592 loading class java/awt/Scrollbar done
Event: 7.423 loading class java/awt/LightweightDispatcher$2
Event: 7.423 loading class java/awt/LightweightDispatcher$2 done
Event: 36.168 Thread 0x000000001fab7000 Uncommon trap: trap_request=0xffffff65 fr.pc=0x0000000002d33d2c
Event: 36.168 Thread 0x000000001fab7000 DEOPT PACKING pc=0x0000000002d33d2c sp=0x000000002078f380
Event: 36.168 Thread 0x000000001fab7000 DEOPT UNPACKING pc=0x00000000029b583b sp=0x000000002078f288 mode 2


Dynamic libraries:
0x00007ff61e9b0000 - 0x00007ff61e9e7000 	C:\Program Files\Java\jre1.8.0_211\bin\javaw.exe
0x00007ff91b700000 - 0x00007ff91b8e1000 	C:\WINDOWS\SYSTEM32\ntdll.dll
0x00007ff91b4e0000 - 0x00007ff91b591000 	C:\WINDOWS\System32\KERNEL32.DLL
0x00007ff918430000 - 0x00007ff9186a3000 	C:\WINDOWS\System32\KERNELBASE.dll
0x00007ff91b430000 - 0x00007ff91b4d1000 	C:\WINDOWS\System32\ADVAPI32.dll
0x00007ff91add0000 - 0x00007ff91ae6e000 	C:\WINDOWS\System32\msvcrt.dll
0x00007ff91b5a0000 - 0x00007ff91b5fb000 	C:\WINDOWS\System32\sechost.dll
0x00007ff91a980000 - 0x00007ff91aaa4000 	C:\WINDOWS\System32\RPCRT4.dll
0x00007ff919120000 - 0x00007ff9192b0000 	C:\WINDOWS\System32\USER32.dll
0x00007ff917ca0000 - 0x00007ff917cc0000 	C:\WINDOWS\System32\win32u.dll
0x00007ff91a860000 - 0x00007ff91a888000 	C:\WINDOWS\System32\GDI32.dll
0x00007ff918750000 - 0x00007ff9188e2000 	C:\WINDOWS\System32\gdi32full.dll
0x00007ff9186b0000 - 0x00007ff91874f000 	C:\WINDOWS\System32\msvcp_win.dll
0x00007ff917af0000 - 0x00007ff917be8000 	C:\WINDOWS\System32\ucrtbase.dll
0x00007ff900420000 - 0x00007ff900689000 	C:\WINDOWS\WinSxS\amd64_microsoft.windows.common-controls_6595b64144ccf1df_6.0.17134.799_none_fb46a2653061bee5\COMCTL32.dll
0x00007ff918c50000 - 0x00007ff918f72000 	C:\WINDOWS\System32\combase.dll
0x00007ff918ae0000 - 0x00007ff918b5a000 	C:\WINDOWS\System32\bcryptPrimitives.dll
0x00007ff91af20000 - 0x00007ff91af4d000 	C:\WINDOWS\System32\IMM32.DLL
0x000000005b3a0000 - 0x000000005b472000 	C:\Program Files\Java\jre1.8.0_211\bin\msvcr100.dll
0x0000000059f10000 - 0x000000005a7b5000 	C:\Program Files\Java\jre1.8.0_211\bin\server\jvm.dll
0x00007ff91a850000 - 0x00007ff91a858000 	C:\WINDOWS\System32\PSAPI.DLL
0x00007ff912ea0000 - 0x00007ff912eaa000 	C:\WINDOWS\SYSTEM32\VERSION.dll
0x00007ff9143a0000 - 0x00007ff9143a9000 	C:\WINDOWS\SYSTEM32\WSOCK32.dll
0x00007ff912780000 - 0x00007ff9127a3000 	C:\WINDOWS\SYSTEM32\WINMM.dll
0x00007ff91aab0000 - 0x00007ff91ab1c000 	C:\WINDOWS\System32\WS2_32.dll
0x00007ff912750000 - 0x00007ff91277a000 	C:\WINDOWS\SYSTEM32\WINMMBASE.dll
0x00007ff917aa0000 - 0x00007ff917ae9000 	C:\WINDOWS\System32\cfgmgr32.dll
0x00007ff90f480000 - 0x00007ff90f48f000 	C:\Program Files\Java\jre1.8.0_211\bin\verify.dll
0x00007ff8fcd10000 - 0x00007ff8fcd39000 	C:\Program Files\Java\jre1.8.0_211\bin\java.dll
0x00007ff9087d0000 - 0x00007ff9087e6000 	C:\Program Files\Java\jre1.8.0_211\bin\zip.dll
0x00007ff9192b0000 - 0x00007ff91a6f0000 	C:\WINDOWS\System32\SHELL32.dll
0x00007ff91ae70000 - 0x00007ff91af19000 	C:\WINDOWS\System32\shcore.dll
0x00007ff917cc0000 - 0x00007ff9183cd000 	C:\WINDOWS\System32\windows.storage.dll
0x00007ff918b70000 - 0x00007ff918bc1000 	C:\WINDOWS\System32\shlwapi.dll
0x00007ff917a80000 - 0x00007ff917a91000 	C:\WINDOWS\System32\kernel.appcore.dll
0x00007ff917a10000 - 0x00007ff917a2f000 	C:\WINDOWS\System32\profapi.dll
0x00007ff917a30000 - 0x00007ff917a7c000 	C:\WINDOWS\System32\powrprof.dll
0x00007ff917a00000 - 0x00007ff917a0a000 	C:\WINDOWS\System32\FLTLIB.DLL
0x00007ff8e8e40000 - 0x00007ff8e8fd9000 	C:\Program Files\Java\jre1.8.0_211\bin\awt.dll
0x00007ff91ad00000 - 0x00007ff91adc2000 	C:\WINDOWS\System32\OLEAUT32.dll
0x00007ff915e20000 - 0x00007ff915eab000 	C:\WINDOWS\SYSTEM32\apphelp.dll
0x00007ff916090000 - 0x00007ff916128000 	C:\WINDOWS\system32\uxtheme.dll
0x00007ff91ab20000 - 0x00007ff91ac93000 	C:\WINDOWS\System32\MSCTF.dll
0x00007ff9163d0000 - 0x00007ff9163f9000 	C:\WINDOWS\system32\dwmapi.dll
0x00007ff91a6f0000 - 0x00007ff91a841000 	C:\WINDOWS\System32\ole32.dll
0x00007ff8dfa90000 - 0x00007ff8dfbb0000 	C:\WINDOWS\system32\opengl32.dll
0x00007ff90d630000 - 0x00007ff90d65c000 	C:\WINDOWS\SYSTEM32\GLU32.dll
0x00007ff90d660000 - 0x00007ff90d7f7000 	C:\WINDOWS\system32\d3d9.dll
0x00007ff90ebc0000 - 0x00007ff90ecae000 	C:\WINDOWS\System32\DriverStore\FileRepository\nvaci.inf_amd64_b306ea7ba44d4637\nvldumdx.dll
0x00007ff9188f0000 - 0x00007ff918ad2000 	C:\WINDOWS\System32\crypt32.dll
0x00007ff9179e0000 - 0x00007ff9179f2000 	C:\WINDOWS\System32\MSASN1.dll
0x00007ff9183d0000 - 0x00007ff918427000 	C:\WINDOWS\System32\WINTRUST.DLL
0x00007ff91af50000 - 0x00007ff91af6d000 	C:\WINDOWS\System32\imagehlp.dll
0x00007ff917410000 - 0x00007ff917427000 	C:\WINDOWS\SYSTEM32\CRYPTSP.dll
0x00007ff916de0000 - 0x00007ff916e13000 	C:\WINDOWS\system32\rsaenh.dll
0x00007ff917540000 - 0x00007ff917565000 	C:\WINDOWS\SYSTEM32\bcrypt.dll
0x00007ff917430000 - 0x00007ff91743b000 	C:\WINDOWS\SYSTEM32\CRYPTBASE.dll
0x00007ff8d5b90000 - 0x00007ff8d6fcc000 	C:\WINDOWS\System32\DriverStore\FileRepository\nvaci.inf_amd64_b306ea7ba44d4637\nvd3dumx.dll
0x00007ff90dbb0000 - 0x00007ff90dc74000 	C:\Program Files (x86)\NVIDIA Corporation\3D Vision\nvSCPAPI64.dll
0x00007ff91af80000 - 0x00007ff91b3cb000 	C:\WINDOWS\System32\SETUPAPI.dll
0x00007ff8e1720000 - 0x00007ff8e19c7000 	C:\WINDOWS\system32\nvspcap64.dll
0x00007ff903370000 - 0x00007ff903539000 	C:\WINDOWS\SYSTEM32\dbghelp.dll
0x00007ff903340000 - 0x00007ff903369000 	C:\WINDOWS\SYSTEM32\dbgcore.DLL
0x00007ff916ad0000 - 0x00007ff916b01000 	C:\WINDOWS\SYSTEM32\ntmarta.dll
0x00007ff916700000 - 0x00007ff916722000 	C:\WINDOWS\SYSTEM32\gpapi.dll
0x00007ff9128e0000 - 0x00007ff91290e000 	C:\WINDOWS\SYSTEM32\cryptnet.dll
0x00007ff8e4a80000 - 0x00007ff8e4bef000 	D:\Users\Diego\eclipse-workspace\SEClipsProyecto\CLIPSJNI.dll
0x00007ff90edb0000 - 0x00007ff90edf9000 	C:\Program Files\Java\jre1.8.0_211\bin\fontmanager.dll
0x00007ff91b600000 - 0x00007ff91b6a0000 	C:\WINDOWS\System32\clbcatq.dll
0x00007ff911620000 - 0x00007ff9117ce000 	C:\WINDOWS\SYSTEM32\WindowsCodecs.dll
0x00007ff8fe2b0000 - 0x00007ff8fe308000 	C:\WINDOWS\system32\dataexchange.dll
0x00007ff914d90000 - 0x00007ff91509b000 	C:\WINDOWS\system32\d3d11.dll
0x00007ff915680000 - 0x00007ff91581c000 	C:\WINDOWS\system32\dcomp.dll
0x00007ff9167a0000 - 0x00007ff91685b000 	C:\WINDOWS\system32\dxgi.dll
0x00007ff9161c0000 - 0x00007ff916378000 	C:\WINDOWS\system32\twinapi.appcore.dll
0x00007ff916160000 - 0x00007ff916189000 	C:\WINDOWS\system32\RMCLIENT.dll
0x00007ff90ca70000 - 0x00007ff90cb06000 	C:\WINDOWS\System32\TextInputFramework.dll
0x00007ff915840000 - 0x00007ff91591a000 	C:\WINDOWS\System32\CoreMessaging.dll
0x00007ff9111b0000 - 0x00007ff9114ce000 	C:\WINDOWS\System32\CoreUIComponents.dll
0x00007ff914030000 - 0x00007ff91417d000 	C:\WINDOWS\SYSTEM32\wintypes.dll
0x00007ff8fccf0000 - 0x00007ff8fcd0a000 	C:\Program Files\Java\jre1.8.0_211\bin\net.dll
0x00007ff90d9e0000 - 0x00007ff90dba9000 	C:\WINDOWS\SYSTEM32\urlmon.dll
0x00007ff90e4f0000 - 0x00007ff90e796000 	C:\WINDOWS\SYSTEM32\iertutil.dll
0x00007ff917260000 - 0x00007ff9172c6000 	C:\WINDOWS\system32\mswsock.dll
0x00007ff8fccd0000 - 0x00007ff8fcce2000 	C:\Program Files\Java\jre1.8.0_211\bin\nio.dll
0x00007ff90ed60000 - 0x00007ff90eda2000 	C:\Program Files\Java\jre1.8.0_211\bin\t2k.dll

VM Arguments:
jvm_args: -Dfile.encoding=UTF-8 
java_command: clips.proyecto.vista.Main
java_class_path (initial): D:\Users\Diego\eclipse-workspace\SEClipsProyecto\bin;D:\Users\Diego\eclipse-workspace\SEClipsProyecto\CLIPSJNI.jar
Launcher Type: SUN_STANDARD

Environment Variables:
PATH=C:/Program Files/Java/jre1.8.0_211/bin/server;C:/Program Files/Java/jre1.8.0_211/bin;C:/Program Files/Java/jre1.8.0_211/lib/amd64;C:\Program Files (x86)\Common Files\Oracle\Java\javapath;C:\Program Files (x86)\Intel\Intel(R) Management Engine Components\iCLS\;C:\Program Files\Intel\Intel(R) Management Engine Components\iCLS\;C:\Windows\system32;C:\Windows;C:\Windows\System32\Wbem;C:\Windows\System32\WindowsPowerShell\v1.0\;C:\Program Files (x86)\Intel\Intel(R) Management Engine Components\DAL;C:\Program Files\Intel\Intel(R) Management Engine Components\DAL;C:\Program Files (x86)\Intel\Intel(R) Management Engine Components\IPT;C:\Program Files\Intel\Intel(R) Management Engine Components\IPT;C:\Program Files (x86)\NVIDIA Corporation\PhysX\Common;D:\Program Files\PuTTY\;C:\WINDOWS\system32;C:\WINDOWS;C:\WINDOWS\System32\Wbem;C:\WINDOWS\System32\WindowsPowerShell\v1.0\;C:\WINDOWS\System32\OpenSSH\;C:\Program Files\NVIDIA Corporation\NVIDIA NvDLISR;D:\Users\Diego\Anaconda3;D:\Users\Diego\Anaconda3\Library\mingw-w64\bin;D:\Users\Diego\Anaconda3\Library\usr\bin;D:\Users\Diego\Anaconda3\Library\bin;D:\Users\Diego\Anaconda3\Scripts;C:\xampp\mysql\lib;C:\WINDOWS\System32;
USERNAME=Diego
OS=Windows_NT
PROCESSOR_IDENTIFIER=Intel64 Family 6 Model 158 Stepping 10, GenuineIntel



---------------  S Y S T E M  ---------------

OS: Windows 10.0 , 64 bit Build 17134 (10.0.17134.753)

CPU:total 12 (initial active 12) (6 cores per cpu, 2 threads per core) family 6 model 158 stepping 10, cmov, cx8, fxsr, mmx, sse, sse2, sse3, ssse3, sse4.1, sse4.2, popcnt, avx, avx2, aes, clmul, erms, 3dnowpref, lzcnt, ht, tsc, tscinvbit, bmi1, bmi2, adx

Memory: 4k page, physical 16678708k(10812408k free), swap 17727284k(8624824k free)

vm_info: Java HotSpot(TM) 64-Bit Server VM (25.211-b12) for windows-amd64 JRE (1.8.0_211-b12), built on Apr  1 2019 20:53:26 by "java_re" with MS VC++ 10.0 (VS2010)

time: Tue Jun 04 16:59:55 2019
timezone: SA Pacific Standard Time
elapsed time: 39 seconds (0d 0h 0m 39s)

