#
# A fatal error has been detected by the Java Runtime Environment:
#
#  SIGSEGV (0xb) at pc=0x00000001321edff4, pid=3757, tid=0x0000000000012b0b
#
# JRE version: Java(TM) SE Runtime Environment (8.0_181-b13) (build 1.8.0_181-b13)
# Java VM: Java HotSpot(TM) 64-Bit Server VM (25.181-b13 mixed mode bsd-amd64 compressed oops)
# Problematic frame:
# C  [libCLIPSJNI.jnilib+0x1eff4]  EnvReset+0x14
#
# Failed to write core dump. Core dumps have been disabled. To enable core dumping, try "ulimit -c unlimited" before starting Java again
#
# If you would like to submit a bug report, please visit:
#   http://bugreport.java.com/bugreport/crash.jsp
# The crash happened outside the Java Virtual Machine in native code.
# See problematic frame for where to report the bug.
#

---------------  T H R E A D  ---------------

Current thread (0x00007fdef88fc800):  JavaThread "AWT-EventQueue-0" [_thread_in_native, id=76555, stack(0x000070000c0ab000,0x000070000c1ab000)]

siginfo: si_signo: 11 (SIGSEGV), si_code: 1 (SEGV_MAPERR), si_addr: 0x0000000000000190

Registers:
RAX=0x00007fdef94bccd0, RBX=0x000000012a664070, RCX=0x0000000000000010, RDX=0x00007fdef88fc9f8
RSP=0x000070000c1a8310, RBP=0x000070000c1a8340, RSI=0x00007fdef88fc9f8, RDI=0x0000000000000040
R8 =0x0000000000000000, R9 =0x0000000000000000, R10=0x0000000111fcc63b, R11=0x00000001114e8867
R12=0x0000000000000000, R13=0x000000012a664070, R14=0x000070000c1a8420, R15=0x00007fdef88fc800
RIP=0x00000001321edff4, EFLAGS=0x0000000000010202, ERR=0x0000000000000004
  TRAPNO=0x000000000000000e

Top of Stack: (sp=0x000070000c1a8310)
0x000070000c1a8310:   00007fdef88fc800 00000000000087c0
0x000070000c1a8320:   0000000000000000 000000000000160d
0x000070000c1a8330:   00007fdef88fc9f8 00007fdef94bccd0
0x000070000c1a8340:   000070000c1a8380 00000001322d8991
0x000070000c1a8350:   000000000000027e 00000000000000ba
0x000070000c1a8360:   000000000000160d 00007fdef94bccd0
0x000070000c1a8370:   000070000c1a8420 00007fdef88fc9f8
0x000070000c1a8380:   000070000c1a83f0 0000000111fcc667
0x000070000c1a8390:   000070000c1a8498 00000001121fcf94
0x000070000c1a83a0:   0000000000000000 000000012a4e70d0
0x000070000c1a83b0:   000070000c1a83b0 0000000000000000
0x000070000c1a83c0:   000070000c1a8420 000000012a666ab8
0x000070000c1a83d0:   0000000000000000 000000012a664070
0x000070000c1a83e0:   0000000000000000 000070000c1a8410
0x000070000c1a83f0:   000070000c1a8468 0000000111fbc2bd
0x000070000c1a8400:   0000000000000000 0000000111fc5d18
0x000070000c1a8410:   00007fdef94bccd0 00007fdef88fc800
0x000070000c1a8420:   000000076b0e3d50 000070000c1a8428
0x000070000c1a8430:   000000012a66410d 000070000c1a8478
0x000070000c1a8440:   000000012a666ab8 0000000000000000
0x000070000c1a8450:   000000012a664118 000070000c1a8410
0x000070000c1a8460:   000070000c1a8478 000070000c1a84c0
0x000070000c1a8470:   0000000111fbc2bd 000000076b0e3d50
0x000070000c1a8480:   000070000c1a8480 000000012a66c2f4
0x000070000c1a8490:   000070000c1a84e0 000000012a66c420
0x000070000c1a84a0:   0000000000000000 000000012a66c398
0x000070000c1a84b0:   000070000c1a8478 000070000c1a84d8
0x000070000c1a84c0:   000070000c1a8528 0000000111fbc302
0x000070000c1a84d0:   0000000000000000 000000076b8566e0
0x000070000c1a84e0:   000000076b13d8f8 000070000c1a84e8
0x000070000c1a84f0:   000000012a26d783 000070000c1a8560
0x000070000c1a8500:   000000012a72f260 0000000000000000 

Instructions: (pc=0x00000001321edff4)
0x00000001321edfd4:   fc 48 83 c4 30 5d c3 0f 1f 44 00 00 55 48 89 e5
0x00000001321edfe4:   48 83 ec 30 48 89 7d f8 48 8b 7d f8 48 8b 7f 30
0x00000001321edff4:   48 8b bf 50 01 00 00 81 7f 0c 00 00 00 00 0f 84
0x00000001321ee004:   05 00 00 00 e9 5e 02 00 00 48 8b 45 f8 48 8b 40 

Register to memory mapping:

RAX=0x00007fdef94bccd0 is an unknown value
RBX={method} {0x000000012a664070} 'reset' '(J)V' in 'net/sf/clipsrules/jni/Environment'
RCX=0x0000000000000010 is an unknown value
RDX=0x00007fdef88fc9f8 is an unknown value
RSP=0x000070000c1a8310 is pointing into the stack for thread: 0x00007fdef88fc800
RBP=0x000070000c1a8340 is pointing into the stack for thread: 0x00007fdef88fc800
RSI=0x00007fdef88fc9f8 is an unknown value
RDI=0x0000000000000040 is an unknown value
R8 =0x0000000000000000 is an unknown value
R9 =0x0000000000000000 is an unknown value
R10=0x0000000111fcc63b is at code_begin+859 in an Interpreter codelet
method entry point (kind = native)  [0x0000000111fcc2e0, 0x0000000111fccc40]  2400 bytes
R11=0x00000001114e8867: throw_unsatisfied_link_error+0 in /Library/Java/JavaVirtualMachines/jdk1.8.0_181.jdk/Contents/Home/jre/lib/server/libjvm.dylib at 0x0000000111000000
R12=0x0000000000000000 is an unknown value
R13={method} {0x000000012a664070} 'reset' '(J)V' in 'net/sf/clipsrules/jni/Environment'
R14=0x000070000c1a8420 is pointing into the stack for thread: 0x00007fdef88fc800
R15=0x00007fdef88fc800 is a thread


Stack: [0x000070000c0ab000,0x000070000c1ab000],  sp=0x000070000c1a8310,  free space=1012k
Native frames: (J=compiled Java code, j=interpreted, Vv=VM code, C=native code)
C  [libCLIPSJNI.jnilib+0x1eff4]  EnvReset+0x14
C  [libCLIPSJNI.jnilib+0x109991]  Java_net_sf_clipsrules_jni_Environment_reset+0x41
j  net.sf.clipsrules.jni.Environment.reset(J)V+0
j  net.sf.clipsrules.jni.Environment.reset()V+5
j  ejercicio.clips.vista.Venatana$2.actionPerformed(Ljava/awt/event/ActionEvent;)V+4
j  javax.swing.AbstractButton.fireActionPerformed(Ljava/awt/event/ActionEvent;)V+83
j  javax.swing.AbstractButton$Handler.actionPerformed(Ljava/awt/event/ActionEvent;)V+5
j  javax.swing.DefaultButtonModel.fireActionPerformed(Ljava/awt/event/ActionEvent;)V+34
j  javax.swing.DefaultButtonModel.setPressed(Z)V+117
j  javax.swing.plaf.basic.BasicButtonListener.mouseReleased(Ljava/awt/event/MouseEvent;)V+35
j  java.awt.Component.processMouseEvent(Ljava/awt/event/MouseEvent;)V+64
j  javax.swing.JComponent.processMouseEvent(Ljava/awt/event/MouseEvent;)V+23
J 857 C1 java.awt.Component.processEvent(Ljava/awt/AWTEvent;)V (220 bytes) @ 0x00000001122b53dc [0x00000001122b4ec0+0x51c]
J 856 C1 java.awt.Container.processEvent(Ljava/awt/AWTEvent;)V (22 bytes) @ 0x00000001122b4a04 [0x00000001122b46e0+0x324]
J 791 C1 java.awt.Component.dispatchEventImpl(Ljava/awt/AWTEvent;)V (921 bytes) @ 0x000000011229490c [0x000000011228f3c0+0x554c]
J 680 C1 java.awt.Container.dispatchEventImpl(Ljava/awt/AWTEvent;)V (129 bytes) @ 0x0000000112226d2c [0x0000000112226be0+0x14c]
J 933 C1 java.awt.LightweightDispatcher.retargetMouseEvent(Ljava/awt/Component;ILjava/awt/event/MouseEvent;)V (372 bytes) @ 0x00000001122e5c9c [0x00000001122e33a0+0x28fc]
J 788 C1 java.awt.LightweightDispatcher.processMouseEvent(Ljava/awt/event/MouseEvent;)Z (286 bytes) @ 0x000000011228d70c [0x000000011228bfc0+0x174c]
J 792 C1 java.awt.LightweightDispatcher.dispatchEvent(Ljava/awt/AWTEvent;)Z (73 bytes) @ 0x000000011229bbf4 [0x000000011229b7c0+0x434]
J 680 C1 java.awt.Container.dispatchEventImpl(Ljava/awt/AWTEvent;)V (129 bytes) @ 0x0000000112226ccc [0x0000000112226be0+0xec]
J 766 C1 java.awt.Window.dispatchEventImpl(Ljava/awt/AWTEvent;)V (23 bytes) @ 0x000000011227ca8c [0x000000011227c4a0+0x5ec]
J 706 C1 java.awt.EventQueue.dispatchEventImpl(Ljava/awt/AWTEvent;Ljava/lang/Object;)V (149 bytes) @ 0x0000000112236ee4 [0x0000000112235680+0x1864]
J 704 C1 java.awt.EventQueue$3.run()Ljava/lang/Void; (60 bytes) @ 0x0000000112234a54 [0x0000000112234840+0x214]
J 703 C1 java.awt.EventQueue$3.run()Ljava/lang/Object; (5 bytes) @ 0x00000001122344cc [0x0000000112234440+0x8c]
v  ~StubRoutines::call_stub
V  [libjvm.dylib+0x2efcba]  JavaCalls::call_helper(JavaValue*, methodHandle*, JavaCallArguments*, Thread*)+0x6ae
V  [libjvm.dylib+0x3505b0]  JVM_DoPrivileged+0x4b8
J 573  java.security.AccessController.doPrivileged(Ljava/security/PrivilegedAction;Ljava/security/AccessControlContext;)Ljava/lang/Object; (0 bytes) @ 0x00000001121f6dd5 [0x00000001121f6d00+0xd5]
J 636 C1 java.awt.EventQueue$4.run()Ljava/lang/Object; (5 bytes) @ 0x000000011221842c [0x0000000112218000+0x42c]
v  ~StubRoutines::call_stub
V  [libjvm.dylib+0x2efcba]  JavaCalls::call_helper(JavaValue*, methodHandle*, JavaCallArguments*, Thread*)+0x6ae
V  [libjvm.dylib+0x3505b0]  JVM_DoPrivileged+0x4b8
J 573  java.security.AccessController.doPrivileged(Ljava/security/PrivilegedAction;Ljava/security/AccessControlContext;)Ljava/lang/Object; (0 bytes) @ 0x00000001121f6dd5 [0x00000001121f6d00+0xd5]
J 631 C1 java.awt.EventQueue.dispatchEvent(Ljava/awt/AWTEvent;)V (80 bytes) @ 0x00000001122160f4 [0x0000000112215240+0xeb4]
J 761 C1 java.awt.EventDispatchThread.pumpOneEventForFilters(I)V (190 bytes) @ 0x0000000112279d0c [0x0000000112278bc0+0x114c]
j  java.awt.EventDispatchThread.pumpEventsForFilter(ILjava/awt/Conditional;Ljava/awt/EventFilter;)V+35
j  java.awt.EventDispatchThread.pumpEventsForHierarchy(ILjava/awt/Conditional;Ljava/awt/Component;)V+11
j  java.awt.EventDispatchThread.pumpEvents(ILjava/awt/Conditional;)V+4
j  java.awt.EventDispatchThread.pumpEvents(Ljava/awt/Conditional;)V+3
j  java.awt.EventDispatchThread.run()V+9
v  ~StubRoutines::call_stub
V  [libjvm.dylib+0x2efcba]  JavaCalls::call_helper(JavaValue*, methodHandle*, JavaCallArguments*, Thread*)+0x6ae
V  [libjvm.dylib+0x2f045e]  JavaCalls::call_virtual(JavaValue*, KlassHandle, Symbol*, Symbol*, JavaCallArguments*, Thread*)+0x164
V  [libjvm.dylib+0x2f060a]  JavaCalls::call_virtual(JavaValue*, Handle, KlassHandle, Symbol*, Symbol*, Thread*)+0x4a
V  [libjvm.dylib+0x34aef9]  thread_entry(JavaThread*, Thread*)+0x7c
V  [libjvm.dylib+0x56fa7f]  JavaThread::thread_main_inner()+0x9b
V  [libjvm.dylib+0x57117a]  JavaThread::run()+0x1c2
V  [libjvm.dylib+0x48e342]  java_start(Thread*)+0xf6
C  [libsystem_pthread.dylib+0x32eb]  _pthread_body+0x7e
C  [libsystem_pthread.dylib+0x6249]  _pthread_start+0x42
C  [libsystem_pthread.dylib+0x240d]  thread_start+0xd
C  0x0000000000000000

Java frames: (J=compiled Java code, j=interpreted, Vv=VM code)
j  net.sf.clipsrules.jni.Environment.reset(J)V+0
j  net.sf.clipsrules.jni.Environment.reset()V+5
j  ejercicio.clips.vista.Venatana$2.actionPerformed(Ljava/awt/event/ActionEvent;)V+4
j  javax.swing.AbstractButton.fireActionPerformed(Ljava/awt/event/ActionEvent;)V+83
j  javax.swing.AbstractButton$Handler.actionPerformed(Ljava/awt/event/ActionEvent;)V+5
j  javax.swing.DefaultButtonModel.fireActionPerformed(Ljava/awt/event/ActionEvent;)V+34
j  javax.swing.DefaultButtonModel.setPressed(Z)V+117
j  javax.swing.plaf.basic.BasicButtonListener.mouseReleased(Ljava/awt/event/MouseEvent;)V+35
j  java.awt.Component.processMouseEvent(Ljava/awt/event/MouseEvent;)V+64
j  javax.swing.JComponent.processMouseEvent(Ljava/awt/event/MouseEvent;)V+23
J 857 C1 java.awt.Component.processEvent(Ljava/awt/AWTEvent;)V (220 bytes) @ 0x00000001122b53dc [0x00000001122b4ec0+0x51c]
J 856 C1 java.awt.Container.processEvent(Ljava/awt/AWTEvent;)V (22 bytes) @ 0x00000001122b4a04 [0x00000001122b46e0+0x324]
J 791 C1 java.awt.Component.dispatchEventImpl(Ljava/awt/AWTEvent;)V (921 bytes) @ 0x000000011229490c [0x000000011228f3c0+0x554c]
J 680 C1 java.awt.Container.dispatchEventImpl(Ljava/awt/AWTEvent;)V (129 bytes) @ 0x0000000112226d2c [0x0000000112226be0+0x14c]
J 933 C1 java.awt.LightweightDispatcher.retargetMouseEvent(Ljava/awt/Component;ILjava/awt/event/MouseEvent;)V (372 bytes) @ 0x00000001122e5c9c [0x00000001122e33a0+0x28fc]
J 788 C1 java.awt.LightweightDispatcher.processMouseEvent(Ljava/awt/event/MouseEvent;)Z (286 bytes) @ 0x000000011228d70c [0x000000011228bfc0+0x174c]
J 792 C1 java.awt.LightweightDispatcher.dispatchEvent(Ljava/awt/AWTEvent;)Z (73 bytes) @ 0x000000011229bbf4 [0x000000011229b7c0+0x434]
J 680 C1 java.awt.Container.dispatchEventImpl(Ljava/awt/AWTEvent;)V (129 bytes) @ 0x0000000112226ccc [0x0000000112226be0+0xec]
J 766 C1 java.awt.Window.dispatchEventImpl(Ljava/awt/AWTEvent;)V (23 bytes) @ 0x000000011227ca8c [0x000000011227c4a0+0x5ec]
J 706 C1 java.awt.EventQueue.dispatchEventImpl(Ljava/awt/AWTEvent;Ljava/lang/Object;)V (149 bytes) @ 0x0000000112236ee4 [0x0000000112235680+0x1864]
J 704 C1 java.awt.EventQueue$3.run()Ljava/lang/Void; (60 bytes) @ 0x0000000112234a54 [0x0000000112234840+0x214]
J 703 C1 java.awt.EventQueue$3.run()Ljava/lang/Object; (5 bytes) @ 0x00000001122344cc [0x0000000112234440+0x8c]
v  ~StubRoutines::call_stub
J 573  java.security.AccessController.doPrivileged(Ljava/security/PrivilegedAction;Ljava/security/AccessControlContext;)Ljava/lang/Object; (0 bytes) @ 0x00000001121f6d63 [0x00000001121f6d00+0x63]
J 636 C1 java.awt.EventQueue$4.run()Ljava/lang/Object; (5 bytes) @ 0x000000011221842c [0x0000000112218000+0x42c]
v  ~StubRoutines::call_stub
J 573  java.security.AccessController.doPrivileged(Ljava/security/PrivilegedAction;Ljava/security/AccessControlContext;)Ljava/lang/Object; (0 bytes) @ 0x00000001121f6d63 [0x00000001121f6d00+0x63]
J 631 C1 java.awt.EventQueue.dispatchEvent(Ljava/awt/AWTEvent;)V (80 bytes) @ 0x00000001122160f4 [0x0000000112215240+0xeb4]
J 761 C1 java.awt.EventDispatchThread.pumpOneEventForFilters(I)V (190 bytes) @ 0x0000000112279d0c [0x0000000112278bc0+0x114c]
j  java.awt.EventDispatchThread.pumpEventsForFilter(ILjava/awt/Conditional;Ljava/awt/EventFilter;)V+35
j  java.awt.EventDispatchThread.pumpEventsForHierarchy(ILjava/awt/Conditional;Ljava/awt/Component;)V+11
j  java.awt.EventDispatchThread.pumpEvents(ILjava/awt/Conditional;)V+4
j  java.awt.EventDispatchThread.pumpEvents(Ljava/awt/Conditional;)V+3
j  java.awt.EventDispatchThread.run()V+9
v  ~StubRoutines::call_stub

---------------  P R O C E S S  ---------------

Java Threads: ( => current thread )
  0x00007fdefb0b6000 JavaThread "TimerQueue" daemon [_thread_blocked, id=64827, stack(0x000070000c437000,0x000070000c537000)]
  0x00007fdef8911000 JavaThread "Java2D Disposer" daemon [_thread_blocked, id=73743, stack(0x000070000c2b1000,0x000070000c3b1000)]
  0x00007fdef809b800 JavaThread "Java2D Queue Flusher" daemon [_thread_blocked, id=75783, stack(0x000070000c1ae000,0x000070000c2ae000)]
  0x00007fdefba6f800 JavaThread "DestroyJavaVM" [_thread_blocked, id=9731, stack(0x000070000a4c8000,0x000070000a5c8000)]
=>0x00007fdef88fc800 JavaThread "AWT-EventQueue-0" [_thread_in_native, id=76555, stack(0x000070000c0ab000,0x000070000c1ab000)]
  0x00007fdef88c5800 JavaThread "AWT-Shutdown" [_thread_blocked, id=26923, stack(0x000070000ba07000,0x000070000bb07000)]
  0x00007fdefb058000 JavaThread "AppKit Thread" daemon [_thread_in_native, id=775, stack(0x00007ffee0a4f000,0x00007ffee124f000)]
  0x00007fdef881c800 JavaThread "Service Thread" daemon [_thread_blocked, id=21763, stack(0x000070000b801000,0x000070000b901000)]
  0x00007fdef9835000 JavaThread "C1 CompilerThread3" daemon [_thread_blocked, id=14851, stack(0x000070000b6fe000,0x000070000b7fe000)]
  0x00007fdefb01a800 JavaThread "C2 CompilerThread2" daemon [_thread_blocked, id=14339, stack(0x000070000b5fb000,0x000070000b6fb000)]
  0x00007fdefb019800 JavaThread "C2 CompilerThread1" daemon [_thread_blocked, id=15363, stack(0x000070000b4f8000,0x000070000b5f8000)]
  0x00007fdefb810000 JavaThread "C2 CompilerThread0" daemon [_thread_blocked, id=13827, stack(0x000070000b3f5000,0x000070000b4f5000)]
  0x00007fdefb800000 JavaThread "Signal Dispatcher" daemon [_thread_blocked, id=13571, stack(0x000070000b2f2000,0x000070000b3f2000)]
  0x00007fdef9831800 JavaThread "Finalizer" daemon [_thread_blocked, id=12291, stack(0x000070000b1ef000,0x000070000b2ef000)]
  0x00007fdef9831000 JavaThread "Reference Handler" daemon [_thread_blocked, id=17667, stack(0x000070000b0ec000,0x000070000b1ec000)]

Other Threads:
  0x00007fdef982a000 VMThread [stack: 0x000070000afe9000,0x000070000b0e9000] [id=18179]
  0x00007fdefb801000 WatcherThread [stack: 0x000070000b904000,0x000070000ba04000] [id=43267]

VM state:not at safepoint (normal execution)

VM Mutex/Monitor currently owned by a thread: None

Heap:
 PSYoungGen      total 76288K, used 14419K [0x000000076ab00000, 0x0000000770000000, 0x00000007c0000000)
  eden space 65536K, 22% used [0x000000076ab00000,0x000000076b914c00,0x000000076eb00000)
  from space 10752K, 0% used [0x000000076f580000,0x000000076f580000,0x0000000770000000)
  to   space 10752K, 0% used [0x000000076eb00000,0x000000076eb00000,0x000000076f580000)
 ParOldGen       total 175104K, used 0K [0x00000006c0000000, 0x00000006cab00000, 0x000000076ab00000)
  object space 175104K, 0% used [0x00000006c0000000,0x00000006c0000000,0x00000006cab00000)
 Metaspace       used 11398K, capacity 11730K, committed 11776K, reserved 1058816K
  class space    used 1424K, capacity 1531K, committed 1536K, reserved 1048576K

Card table byte_map: [0x0000000120fb4000,0x00000001217b5000] byte_map_base: 0x000000011d9b4000

Marking Bits: (ParMarkBitMap*) 0x00000001118f9cd0
 Begin Bits: [0x00000001217b5000, 0x00000001257b5000)
 End Bits:   [0x00000001257b5000, 0x00000001297b5000)

Polling page: 0x000000010ea34000

CodeCache: size=245760Kb used=3432Kb max_used=3437Kb free=242327Kb
 bounds [0x0000000111fb4000, 0x0000000112314000, 0x0000000120fb4000]
 total_blobs=1498 nmethods=978 adapters=434
 compilation: enabled

Compilation events (10 events):
Event: 31.897 Thread 0x00007fdef9835000  975       3       java.awt.geom.Rectangle2D::setFrame (11 bytes)
Event: 31.897 Thread 0x00007fdef9835000 nmethod 975 0x00000001123083d0 code [0x0000000112308540, 0x0000000112308748]
Event: 31.897 Thread 0x00007fdef9835000  974       1       javax.swing.JComponent::isPaintingOrigin (2 bytes)
Event: 31.897 Thread 0x00007fdef9835000 nmethod 974 0x0000000112308110 code [0x0000000112308260, 0x0000000112308370]
Event: 31.898 Thread 0x00007fdef9835000  976       3       sun.java2d.SunGraphics2D::dispose (12 bytes)
Event: 31.898 Thread 0x00007fdef9835000 nmethod 976 0x0000000112307cd0 code [0x0000000112307e40, 0x0000000112308068]
Event: 31.899 Thread 0x00007fdef9835000  977       3       java.awt.Component::getBackground (29 bytes)
Event: 31.899 Thread 0x00007fdef9835000 nmethod 977 0x000000011230fd90 code [0x000000011230ff00, 0x00000001123101c8]
Event: 31.899 Thread 0x00007fdef9835000  978       3       java.awt.Color::getAlpha (12 bytes)
Event: 31.899 Thread 0x00007fdef9835000 nmethod 978 0x0000000112307890 code [0x0000000112307a00, 0x0000000112307c28]

GC Heap History (0 events):
No events

Deoptimization events (5 events):
Event: 1.279 Thread 0x00007fdef88fc800 Uncommon trap: reason=unstable_if action=reinterpret pc=0x00000001121c30c0 method=java.lang.String.toLowerCase(Ljava/util/Locale;)Ljava/lang/String; @ 85
Event: 2.809 Thread 0x00007fdef88fc800 Uncommon trap: reason=class_check action=maybe_recompile pc=0x0000000112120298 method=java.lang.String.equals(Ljava/lang/Object;)Z @ 8
Event: 2.809 Thread 0x00007fdef88fc800 Uncommon trap: reason=class_check action=maybe_recompile pc=0x0000000112120298 method=java.lang.String.equals(Ljava/lang/Object;)Z @ 8
Event: 2.950 Thread 0x00007fdef88fc800 Uncommon trap: reason=class_check action=maybe_recompile pc=0x0000000112120298 method=java.lang.String.equals(Ljava/lang/Object;)Z @ 8
Event: 2.950 Thread 0x00007fdef88fc800 Uncommon trap: reason=class_check action=maybe_recompile pc=0x0000000112120298 method=java.lang.String.equals(Ljava/lang/Object;)Z @ 8

Classes redefined (0 events):
No events

Internal exceptions (10 events):
Event: 0.022 Thread 0x00007fdefa001800 Exception <a 'java/lang/NoSuchMethodError': Method sun.misc.Unsafe.defineClass(Ljava/lang/String;[BII)Ljava/lang/Class; name or signature does not match> (0x000000076ab07cb0) thrown at [/Users/java_re/workspace/8-2-build-macosx-x86_64/jdk8u181/11358/hotsp
Event: 0.022 Thread 0x00007fdefa001800 Exception <a 'java/lang/NoSuchMethodError': Method sun.misc.Unsafe.prefetchRead(Ljava/lang/Object;J)V name or signature does not match> (0x000000076ab07f98) thrown at [/Users/java_re/workspace/8-2-build-macosx-x86_64/jdk8u181/11358/hotspot/src/share/vm/pr
Event: 0.071 Thread 0x00007fdefa001800 Exception <a 'java/security/PrivilegedActionException'> (0x000000076ab90978) thrown at [/Users/java_re/workspace/8-2-build-macosx-x86_64/jdk8u181/11358/hotspot/src/share/vm/prims/jvm.cpp, line 1435]
Event: 0.071 Thread 0x00007fdefa001800 Exception <a 'java/security/PrivilegedActionException'> (0x000000076ab90b88) thrown at [/Users/java_re/workspace/8-2-build-macosx-x86_64/jdk8u181/11358/hotspot/src/share/vm/prims/jvm.cpp, line 1435]
Event: 0.071 Thread 0x00007fdefa001800 Exception <a 'java/security/PrivilegedActionException'> (0x000000076ab93eb8) thrown at [/Users/java_re/workspace/8-2-build-macosx-x86_64/jdk8u181/11358/hotspot/src/share/vm/prims/jvm.cpp, line 1435]
Event: 0.071 Thread 0x00007fdefa001800 Exception <a 'java/security/PrivilegedActionException'> (0x000000076ab940c8) thrown at [/Users/java_re/workspace/8-2-build-macosx-x86_64/jdk8u181/11358/hotspot/src/share/vm/prims/jvm.cpp, line 1435]
Event: 0.101 Thread 0x00007fdefa001800 Exception <a 'java/lang/NoSuchFieldError': method resolution failed> (0x000000076adb2828) thrown at [/Users/java_re/workspace/8-2-build-macosx-x86_64/jdk8u181/11358/hotspot/src/share/vm/prims/methodHandles.cpp, line 1167]
Event: 0.101 Thread 0x00007fdefa001800 Exception <a 'java/lang/NoSuchFieldError': method resolution failed> (0x000000076adbfff8) thrown at [/Users/java_re/workspace/8-2-build-macosx-x86_64/jdk8u181/11358/hotspot/src/share/vm/prims/methodHandles.cpp, line 1167]
Event: 0.232 Thread 0x00007fdefa001800 Exception <a 'java/io/FileNotFoundException'> (0x000000076ae3ac70) thrown at [/Users/java_re/workspace/8-2-build-macosx-x86_64/jdk8u181/11358/hotspot/src/share/vm/prims/jni.cpp, line 709]
Event: 0.232 Thread 0x00007fdefa001800 Exception <a 'java/io/FileNotFoundException'> (0x000000076ae3b818) thrown at [/Users/java_re/workspace/8-2-build-macosx-x86_64/jdk8u181/11358/hotspot/src/share/vm/prims/jni.cpp, line 709]

Events (10 events):
Event: 4.074 Executing VM operation: EnableBiasedLocking
Event: 4.074 Executing VM operation: EnableBiasedLocking done
Event: 10.333 loading class java/awt/LightweightDispatcher$2
Event: 10.334 loading class java/awt/LightweightDispatcher$2 done
Event: 17.807 loading class javax/swing/JMenu
Event: 17.807 loading class javax/swing/MenuElement
Event: 17.807 loading class javax/swing/MenuElement done
Event: 17.807 loading class javax/swing/JMenuItem
Event: 17.807 loading class javax/swing/JMenuItem done
Event: 17.808 loading class javax/swing/JMenu done


Dynamic libraries:
0x00007fff2db46000 	/System/Library/Frameworks/Cocoa.framework/Versions/A/Cocoa
0x00007fff3985e000 	/System/Library/Frameworks/Security.framework/Versions/A/Security
0x00007fff2c7db000 	/System/Library/Frameworks/ApplicationServices.framework/Versions/A/ApplicationServices
0x00007fff59920000 	/usr/lib/libz.1.dylib
0x00007fff5727a000 	/usr/lib/libSystem.B.dylib
0x00007fff58ab1000 	/usr/lib/libobjc.A.dylib
0x00007fff2e32e000 	/System/Library/Frameworks/CoreFoundation.framework/Versions/A/CoreFoundation
0x00007fff305b0000 	/System/Library/Frameworks/Foundation.framework/Versions/C/Foundation
0x00007fff2b9d4000 	/System/Library/Frameworks/AppKit.framework/Versions/C/AppKit
0x00007fff2dec1000 	/System/Library/Frameworks/CoreData.framework/Versions/A/CoreData
0x00007fff50d4d000 	/System/Library/PrivateFrameworks/RemoteViewServices.framework/Versions/A/RemoteViewServices
0x00007fff54fba000 	/System/Library/PrivateFrameworks/UIFoundation.framework/Versions/A/UIFoundation
0x00007fff5669c000 	/System/Library/PrivateFrameworks/XCTTargetBootstrap.framework/Versions/A/XCTTargetBootstrap
0x00007fff2e246000 	/System/Library/Frameworks/CoreDisplay.framework/Versions/A/CoreDisplay
0x00007fff4baa4000 	/System/Library/PrivateFrameworks/IconServices.framework/Versions/A/IconServices
0x00007fff32ed4000 	/System/Library/Frameworks/Metal.framework/Versions/A/Metal
0x00007fff4301f000 	/System/Library/PrivateFrameworks/DesktopServicesPriv.framework/Versions/A/DesktopServicesPriv
0x00007fff57e14000 	/usr/lib/libenergytrace.dylib
0x00007fff534a3000 	/System/Library/PrivateFrameworks/SkyLight.framework/Versions/A/SkyLight
0x00007fff2e774000 	/System/Library/Frameworks/CoreGraphics.framework/Versions/A/CoreGraphics
0x00007fff2a7a0000 	/System/Library/Frameworks/Accelerate.framework/Versions/A/Accelerate
0x00007fff30cf8000 	/System/Library/Frameworks/IOSurface.framework/Versions/A/IOSurface
0x00007fff42e8b000 	/System/Library/PrivateFrameworks/DFRFoundation.framework/Versions/A/DFRFoundation
0x00007fff2ccbe000 	/System/Library/Frameworks/AudioToolbox.framework/Versions/A/AudioToolbox
0x00007fff2cf37000 	/System/Library/Frameworks/AudioUnit.framework/Versions/A/AudioUnit
0x00007fff42f20000 	/System/Library/PrivateFrameworks/DataDetectorsCore.framework/Versions/A/DataDetectorsCore
0x00007fff2d64a000 	/System/Library/Frameworks/Carbon.framework/Versions/A/Frameworks/HIToolbox.framework/Versions/A/HIToolbox
0x00007fff57f6d000 	/usr/lib/libicucore.A.dylib
0x00007fff38dd3000 	/System/Library/Frameworks/QuartzCore.framework/Versions/A/QuartzCore
0x00007fff2da1e000 	/System/Library/Frameworks/Carbon.framework/Versions/A/Frameworks/SpeechRecognition.framework/Versions/A/SpeechRecognition
0x00007fff573ce000 	/usr/lib/libauto.dylib
0x00007fff59814000 	/usr/lib/libxml2.2.dylib
0x00007fff42a68000 	/System/Library/PrivateFrameworks/CoreUI.framework/Versions/A/CoreUI
0x00007fff2ddac000 	/System/Library/Frameworks/CoreAudio.framework/Versions/A/CoreAudio
0x00007fff303e5000 	/System/Library/Frameworks/DiskArbitration.framework/Versions/A/DiskArbitration
0x00007fff5821b000 	/usr/lib/liblangid.dylib
0x00007fff4ceb2000 	/System/Library/PrivateFrameworks/MultitouchSupport.framework/Versions/A/MultitouchSupport
0x00007fff30c67000 	/System/Library/Frameworks/IOKit.framework/Versions/A/IOKit
0x00007fff56e3b000 	/usr/lib/libDiagnosticMessagesClient.dylib
0x00007fff2f583000 	/System/Library/Frameworks/CoreServices.framework/Versions/A/CoreServices
0x00007fff4eb59000 	/System/Library/PrivateFrameworks/PerformanceAnalysis.framework/Versions/A/PerformanceAnalysis
0x00007fff37fc1000 	/System/Library/Frameworks/OpenGL.framework/Versions/A/OpenGL
0x00007fff2db54000 	/System/Library/Frameworks/ColorSync.framework/Versions/A/ColorSync
0x00007fff2ee05000 	/System/Library/Frameworks/CoreImage.framework/Versions/A/CoreImage
0x00007fff2ff5c000 	/System/Library/Frameworks/CoreText.framework/Versions/A/CoreText
0x00007fff30d5b000 	/System/Library/Frameworks/ImageIO.framework/Versions/A/ImageIO
0x00007fff3f0bd000 	/System/Library/PrivateFrameworks/Backup.framework/Versions/A/Backup
0x00007fff57321000 	/usr/lib/libarchive.2.dylib
0x00007fff2d28f000 	/System/Library/Frameworks/CFNetwork.framework/Versions/A/CFNetwork
0x00007fff39fb8000 	/System/Library/Frameworks/SystemConfiguration.framework/Versions/A/SystemConfiguration
0x00007fff56d6c000 	/usr/lib/libCRFSuite.dylib
0x00007fff574bd000 	/usr/lib/libc++.1.dylib
0x00007fff57511000 	/usr/lib/libc++abi.dylib
0x00007fff5a116000 	/usr/lib/system/libcache.dylib
0x00007fff5a11b000 	/usr/lib/system/libcommonCrypto.dylib
0x00007fff5a126000 	/usr/lib/system/libcompiler_rt.dylib
0x00007fff5a12e000 	/usr/lib/system/libcopyfile.dylib
0x00007fff5a138000 	/usr/lib/system/libcorecrypto.dylib
0x00007fff5a243000 	/usr/lib/system/libdispatch.dylib
0x00007fff5a27d000 	/usr/lib/system/libdyld.dylib
0x00007fff5a2aa000 	/usr/lib/system/libkeymgr.dylib
0x00007fff5a2b8000 	/usr/lib/system/liblaunch.dylib
0x00007fff5a2b9000 	/usr/lib/system/libmacho.dylib
0x00007fff5a2bf000 	/usr/lib/system/libquarantine.dylib
0x00007fff5a2c2000 	/usr/lib/system/libremovefile.dylib
0x00007fff5a2c4000 	/usr/lib/system/libsystem_asl.dylib
0x00007fff5a2dc000 	/usr/lib/system/libsystem_blocks.dylib
0x00007fff5a2dd000 	/usr/lib/system/libsystem_c.dylib
0x00007fff5a365000 	/usr/lib/system/libsystem_configuration.dylib
0x00007fff5a369000 	/usr/lib/system/libsystem_coreservices.dylib
0x00007fff5a36d000 	/usr/lib/system/libsystem_darwin.dylib
0x00007fff5a374000 	/usr/lib/system/libsystem_dnssd.dylib
0x00007fff5a37b000 	/usr/lib/system/libsystem_info.dylib
0x00007fff5a3f0000 	/usr/lib/system/libsystem_m.dylib
0x00007fff5a43c000 	/usr/lib/system/libsystem_malloc.dylib
0x00007fff5a467000 	/usr/lib/system/libsystem_networkextension.dylib
0x00007fff5a472000 	/usr/lib/system/libsystem_notify.dylib
0x00007fff5a48f000 	/usr/lib/system/libsystem_sandbox.dylib
0x00007fff5a493000 	/usr/lib/system/libsystem_secinit.dylib
0x00007fff5a3c7000 	/usr/lib/system/libsystem_kernel.dylib
0x00007fff5a47a000 	/usr/lib/system/libsystem_platform.dylib
0x00007fff5a484000 	/usr/lib/system/libsystem_pthread.dylib
0x00007fff5a496000 	/usr/lib/system/libsystem_symptoms.dylib
0x00007fff5a49e000 	/usr/lib/system/libsystem_trace.dylib
0x00007fff5a4b5000 	/usr/lib/system/libunwind.dylib
0x00007fff5a4bb000 	/usr/lib/system/libxpc.dylib
0x00007fff5749e000 	/usr/lib/libbsm.0.dylib
0x00007fff5a2ab000 	/usr/lib/system/libkxld.dylib
0x00007fff3e4ae000 	/System/Library/PrivateFrameworks/AppleFSCompression.framework/Versions/A/AppleFSCompression
0x00007fff5713a000 	/usr/lib/libOpenScriptingUtil.dylib
0x00007fff577c6000 	/usr/lib/libcoretls.dylib
0x00007fff577dd000 	/usr/lib/libcoretls_cfhelpers.dylib
0x00007fff59248000 	/usr/lib/libpam.2.dylib
0x00007fff59408000 	/usr/lib/libsqlite3.dylib
0x00007fff59802000 	/usr/lib/libxar.1.dylib
0x00007fff574af000 	/usr/lib/libbz2.1.0.dylib
0x00007fff5821d000 	/usr/lib/liblzma.5.dylib
0x00007fff586ce000 	/usr/lib/libnetwork.dylib
0x00007fff5730a000 	/usr/lib/libapple_nghttp2.dylib
0x00007fff5924f000 	/usr/lib/libpcap.A.dylib
0x00007fff2f922000 	/System/Library/Frameworks/CoreServices.framework/Versions/A/Frameworks/FSEvents.framework/Versions/A/FSEvents
0x00007fff2f601000 	/System/Library/Frameworks/CoreServices.framework/Versions/A/Frameworks/CarbonCore.framework/Versions/A/CarbonCore
0x00007fff2fade000 	/System/Library/Frameworks/CoreServices.framework/Versions/A/Frameworks/Metadata.framework/Versions/A/Metadata
0x00007fff2fb7d000 	/System/Library/Frameworks/CoreServices.framework/Versions/A/Frameworks/OSServices.framework/Versions/A/OSServices
0x00007fff2fbc8000 	/System/Library/Frameworks/CoreServices.framework/Versions/A/Frameworks/SearchKit.framework/Versions/A/SearchKit
0x00007fff2f584000 	/System/Library/Frameworks/CoreServices.framework/Versions/A/Frameworks/AE.framework/Versions/A/AE
0x00007fff2f92b000 	/System/Library/Frameworks/CoreServices.framework/Versions/A/Frameworks/LaunchServices.framework/Versions/A/LaunchServices
0x00007fff2f8d9000 	/System/Library/Frameworks/CoreServices.framework/Versions/A/Frameworks/DictionaryServices.framework/Versions/A/DictionaryServices
0x00007fff2fc30000 	/System/Library/Frameworks/CoreServices.framework/Versions/A/Frameworks/SharedFileList.framework/Versions/A/SharedFileList
0x00007fff33f9c000 	/System/Library/Frameworks/NetFS.framework/Versions/A/NetFS
0x00007fff4d118000 	/System/Library/PrivateFrameworks/NetAuth.framework/Versions/A/NetAuth
0x00007fff56aa0000 	/System/Library/PrivateFrameworks/login.framework/Versions/A/Frameworks/loginsupport.framework/Versions/A/loginsupport
0x00007fff54bc3000 	/System/Library/PrivateFrameworks/TCC.framework/Versions/A/TCC
0x00007fff420c5000 	/System/Library/PrivateFrameworks/CoreNLP.framework/Versions/A/CoreNLP
0x00007fff4cbab000 	/System/Library/PrivateFrameworks/MetadataUtilities.framework/Versions/A/MetadataUtilities
0x00007fff582f2000 	/usr/lib/libmecabra.dylib
0x00007fff2c7dc000 	/System/Library/Frameworks/ApplicationServices.framework/Versions/A/Frameworks/ATS.framework/Versions/A/ATS
0x00007fff2cb2b000 	/System/Library/Frameworks/ApplicationServices.framework/Versions/A/Frameworks/ColorSyncLegacy.framework/Versions/A/ColorSyncLegacy
0x00007fff2cbca000 	/System/Library/Frameworks/ApplicationServices.framework/Versions/A/Frameworks/HIServices.framework/Versions/A/HIServices
0x00007fff2cc1d000 	/System/Library/Frameworks/ApplicationServices.framework/Versions/A/Frameworks/LangAnalysis.framework/Versions/A/LangAnalysis
0x00007fff2cc2d000 	/System/Library/Frameworks/ApplicationServices.framework/Versions/A/Frameworks/PrintCore.framework/Versions/A/PrintCore
0x00007fff2cc77000 	/System/Library/Frameworks/ApplicationServices.framework/Versions/A/Frameworks/QD.framework/Versions/A/QD
0x00007fff2ccb1000 	/System/Library/Frameworks/ApplicationServices.framework/Versions/A/Frameworks/SpeechSynthesis.framework/Versions/A/SpeechSynthesis
0x00007fff57539000 	/usr/lib/libcompression.dylib
0x00007fff331a4000 	/System/Library/Frameworks/MetalPerformanceShaders.framework/Versions/A/MetalPerformanceShaders
0x00007fff2a7b8000 	/System/Library/Frameworks/Accelerate.framework/Versions/A/Frameworks/vImage.framework/Versions/A/vImage
0x00007fff2b832000 	/System/Library/Frameworks/Accelerate.framework/Versions/A/Frameworks/vecLib.framework/Versions/A/vecLib
0x00007fff2b77e000 	/System/Library/Frameworks/Accelerate.framework/Versions/A/Frameworks/vecLib.framework/Versions/A/libvMisc.dylib
0x00007fff2b596000 	/System/Library/Frameworks/Accelerate.framework/Versions/A/Frameworks/vecLib.framework/Versions/A/libvDSP.dylib
0x00007fff2ae52000 	/System/Library/Frameworks/Accelerate.framework/Versions/A/Frameworks/vecLib.framework/Versions/A/libBLAS.dylib
0x00007fff2b13f000 	/System/Library/Frameworks/Accelerate.framework/Versions/A/Frameworks/vecLib.framework/Versions/A/libLAPACK.dylib
0x00007fff2b4e9000 	/System/Library/Frameworks/Accelerate.framework/Versions/A/Frameworks/vecLib.framework/Versions/A/libLinearAlgebra.dylib
0x00007fff2b582000 	/System/Library/Frameworks/Accelerate.framework/Versions/A/Frameworks/vecLib.framework/Versions/A/libSparseBLAS.dylib
0x00007fff2b4ff000 	/System/Library/Frameworks/Accelerate.framework/Versions/A/Frameworks/vecLib.framework/Versions/A/libQuadrature.dylib
0x00007fff2b0cc000 	/System/Library/Frameworks/Accelerate.framework/Versions/A/Frameworks/vecLib.framework/Versions/A/libBNNS.dylib
0x00007fff2b505000 	/System/Library/Frameworks/Accelerate.framework/Versions/A/Frameworks/vecLib.framework/Versions/A/libSparse.dylib
0x00007fff49407000 	/System/Library/PrivateFrameworks/GPUWrangler.framework/Versions/A/GPUWrangler
0x00007fff4b6d9000 	/System/Library/PrivateFrameworks/IOAccelerator.framework/Versions/A/IOAccelerator
0x00007fff4b6e4000 	/System/Library/PrivateFrameworks/IOPresentment.framework/Versions/A/IOPresentment
0x00007fff42e9b000 	/System/Library/PrivateFrameworks/DSExternalDisplay.framework/Versions/A/DSExternalDisplay
0x00007fff37418000 	/System/Library/Frameworks/OpenGL.framework/Versions/A/Libraries/libCoreFSCache.dylib
0x00007fff32f98000 	/System/Library/Frameworks/MetalPerformanceShaders.framework/Frameworks/MPSCore.framework/Versions/A/MPSCore
0x00007fff32fb8000 	/System/Library/Frameworks/MetalPerformanceShaders.framework/Frameworks/MPSImage.framework/Versions/A/MPSImage
0x00007fff3305d000 	/System/Library/Frameworks/MetalPerformanceShaders.framework/Frameworks/MPSNeuralNetwork.framework/Versions/A/MPSNeuralNetwork
0x00007fff33035000 	/System/Library/Frameworks/MetalPerformanceShaders.framework/Frameworks/MPSMatrix.framework/Versions/A/MPSMatrix
0x00007fff33189000 	/System/Library/Frameworks/MetalPerformanceShaders.framework/Frameworks/MPSRayIntersector.framework/Versions/A/MPSRayIntersector
0x00007fff4cbd4000 	/System/Library/PrivateFrameworks/MetalTools.framework/Versions/A/MetalTools
0x00007fff3dd5b000 	/System/Library/PrivateFrameworks/AggregateDictionary.framework/Versions/A/AggregateDictionary
0x00007fff5711b000 	/usr/lib/libMobileGestalt.dylib
0x00007fff300bf000 	/System/Library/Frameworks/CoreVideo.framework/Versions/A/CoreVideo
0x00007fff4a217000 	/System/Library/PrivateFrameworks/GraphVisualizer.framework/Versions/A/GraphVisualizer
0x00007fff44097000 	/System/Library/PrivateFrameworks/FaceCore.framework/Versions/A/FaceCore
0x00007fff36a46000 	/System/Library/Frameworks/OpenCL.framework/Versions/A/OpenCL
0x00007fff56e73000 	/usr/lib/libFosl_dynamic.dylib
0x00007fff4d983000 	/System/Library/PrivateFrameworks/OTSVG.framework/Versions/A/OTSVG
0x00007fff2c8e0000 	/System/Library/Frameworks/ApplicationServices.framework/Versions/A/Frameworks/ATS.framework/Versions/A/Resources/libFontParser.dylib
0x00007fff2c9f8000 	/System/Library/Frameworks/ApplicationServices.framework/Versions/A/Frameworks/ATS.framework/Versions/A/Resources/libFontRegistry.dylib
0x00007fff30fc9000 	/System/Library/Frameworks/ImageIO.framework/Versions/A/Resources/libJPEG.dylib
0x00007fff312db000 	/System/Library/Frameworks/ImageIO.framework/Versions/A/Resources/libTIFF.dylib
0x00007fff312b1000 	/System/Library/Frameworks/ImageIO.framework/Versions/A/Resources/libPng.dylib
0x00007fff30ee7000 	/System/Library/Frameworks/ImageIO.framework/Versions/A/Resources/libGIF.dylib
0x00007fff30eec000 	/System/Library/Frameworks/ImageIO.framework/Versions/A/Resources/libJP2.dylib
0x00007fff312d8000 	/System/Library/Frameworks/ImageIO.framework/Versions/A/Resources/libRadiance.dylib
0x00007fff3e605000 	/System/Library/PrivateFrameworks/AppleJPEG.framework/Versions/A/AppleJPEG
0x00007fff37423000 	/System/Library/Frameworks/OpenGL.framework/Versions/A/Libraries/libGFXShared.dylib
0x00007fff375e6000 	/System/Library/Frameworks/OpenGL.framework/Versions/A/Libraries/libGLU.dylib
0x00007fff3742c000 	/System/Library/Frameworks/OpenGL.framework/Versions/A/Libraries/libGL.dylib
0x00007fff37438000 	/System/Library/Frameworks/OpenGL.framework/Versions/A/Libraries/libGLImage.dylib
0x00007fff37415000 	/System/Library/Frameworks/OpenGL.framework/Versions/A/Libraries/libCVMSPluginSupport.dylib
0x00007fff3741e000 	/System/Library/Frameworks/OpenGL.framework/Versions/A/Libraries/libCoreVMClient.dylib
0x00007fff57c8a000 	/usr/lib/libcups.2.dylib
0x00007fff3249f000 	/System/Library/Frameworks/Kerberos.framework/Versions/A/Kerberos
0x00007fff309cc000 	/System/Library/Frameworks/GSS.framework/Versions/A/GSS
0x00007fff5939d000 	/usr/lib/libresolv.9.dylib
0x00007fff57e7c000 	/usr/lib/libiconv.2.dylib
0x00007fff4a376000 	/System/Library/PrivateFrameworks/Heimdal.framework/Versions/A/Heimdal
0x00007fff57e4c000 	/usr/lib/libheimdal-asn1.dylib
0x00007fff36aba000 	/System/Library/Frameworks/OpenDirectory.framework/Versions/A/OpenDirectory
0x00007fff40e2a000 	/System/Library/PrivateFrameworks/CommonAuth.framework/Versions/A/CommonAuth
0x00007fff36a9e000 	/System/Library/Frameworks/OpenDirectory.framework/Versions/A/Frameworks/CFOpenDirectory.framework/Versions/A/CFOpenDirectory
0x00007fff39b5e000 	/System/Library/Frameworks/SecurityFoundation.framework/Versions/A/SecurityFoundation
0x00007fff3d2a4000 	/System/Library/PrivateFrameworks/APFS.framework/Versions/A/APFS
0x00007fff597fe000 	/usr/lib/libutil.dylib
0x00007fff57527000 	/usr/lib/libcharset.1.dylib
0x00007fff3e8a2000 	/System/Library/PrivateFrameworks/AppleSauce.framework/Versions/A/AppleSauce
0x00007fff3ea23000 	/System/Library/PrivateFrameworks/AssertionServices.framework/Versions/A/AssertionServices
0x00007fff3f153000 	/System/Library/PrivateFrameworks/BaseBoard.framework/Versions/A/BaseBoard
0x00007fff5824d000 	/usr/lib/libmecab.1.0.0.dylib
0x00007fff57e46000 	/usr/lib/libgermantok.dylib
0x00007fff572f7000 	/usr/lib/libThaiTokenizer.dylib
0x00007fff56da3000 	/usr/lib/libChineseTokenizer.dylib
0x00007fff4bd92000 	/System/Library/PrivateFrameworks/LanguageModeling.framework/Versions/A/LanguageModeling
0x00007fff41b0b000 	/System/Library/PrivateFrameworks/CoreEmoji.framework/Versions/A/CoreEmoji
0x00007fff4be6e000 	/System/Library/PrivateFrameworks/Lexicon.framework/Versions/A/Lexicon
0x00007fff4beb1000 	/System/Library/PrivateFrameworks/LinguisticData.framework/Versions/A/LinguisticData
0x00007fff57528000 	/usr/lib/libcmph.dylib
0x00007fff39c1c000 	/System/Library/Frameworks/ServiceManagement.framework/Versions/A/ServiceManagement
0x00007fff3f0b4000 	/System/Library/PrivateFrameworks/BackgroundTaskManagement.framework/Versions/A/BackgroundTaskManagement
0x00007fff598f7000 	/usr/lib/libxslt.1.dylib
0x00007fff2d94b000 	/System/Library/Frameworks/Carbon.framework/Versions/A/Frameworks/Ink.framework/Versions/A/Ink
0x00007fff54e35000 	/System/Library/PrivateFrameworks/TextureIO.framework/Versions/A/TextureIO
0x00007fff5734b000 	/usr/lib/libate.dylib
0x00007fff42dea000 	/System/Library/PrivateFrameworks/CrashReporterSupport.framework/Versions/A/CrashReporterSupport
0x00007fff52574000 	/System/Library/PrivateFrameworks/Sharing.framework/Versions/A/Sharing
0x00007fff3ee06000 	/System/Library/PrivateFrameworks/AuthKit.framework/Versions/A/AuthKit
0x00007fff3e35a000 	/System/Library/PrivateFrameworks/Apple80211.framework/Versions/A/Apple80211
0x00007fff42b94000 	/System/Library/PrivateFrameworks/CoreUtils.framework/Versions/A/CoreUtils
0x00007fff300ff000 	/System/Library/Frameworks/CoreWLAN.framework/Versions/A/CoreWLAN
0x00007fff30afb000 	/System/Library/Frameworks/IOBluetooth.framework/Versions/A/IOBluetooth
0x00007fff509f8000 	/System/Library/PrivateFrameworks/ProtocolBuffer.framework/Versions/A/ProtocolBuffer
0x00007fff4ce0e000 	/System/Library/PrivateFrameworks/MobileKeyBag.framework/Versions/A/MobileKeyBag
0x00007fff423d8000 	/System/Library/PrivateFrameworks/CorePhoneNumbers.framework/Versions/A/CorePhoneNumbers
0x00007fff3e5b9000 	/System/Library/PrivateFrameworks/AppleIDAuthSupport.framework/Versions/A/AppleIDAuthSupport
0x00007fff4bd65000 	/System/Library/PrivateFrameworks/KeychainCircle.framework/Versions/A/KeychainCircle
0x00007fff50bae000 	/System/Library/PrivateFrameworks/ROCKit.framework/Versions/A/ROCKit
0x00007fff42d86000 	/System/Library/PrivateFrameworks/CoreWiFi.framework/Versions/A/CoreWiFi
0x00007fff2de96000 	/System/Library/Frameworks/CoreBluetooth.framework/Versions/A/CoreBluetooth
0x00007fff42fe1000 	/System/Library/PrivateFrameworks/DebugSymbols.framework/Versions/A/DebugSymbols
0x00007fff42954000 	/System/Library/PrivateFrameworks/CoreSymbolication.framework/Versions/A/CoreSymbolication
0x00007fff54650000 	/System/Library/PrivateFrameworks/Symbolication.framework/Versions/A/Symbolication
0x00007fff53ef3000 	/System/Library/PrivateFrameworks/SpeechRecognitionCore.framework/Versions/A/SpeechRecognitionCore
0x0000000111000000 	/Library/Java/JavaVirtualMachines/jdk1.8.0_181.jdk/Contents/Home/jre/lib/server/libjvm.dylib
0x00007fff596d9000 	/usr/lib/libstdc++.6.dylib
0x000000010e9f0000 	/Library/Java/JavaVirtualMachines/jdk1.8.0_181.jdk/Contents/Home/jre/lib/libverify.dylib
0x000000010e9fe000 	/Library/Java/JavaVirtualMachines/jdk1.8.0_181.jdk/Contents/Home/jre/lib/libjava.dylib
0x000000010ea7e000 	/Library/Java/JavaVirtualMachines/jdk1.8.0_181.jdk/Contents/Home/jre/lib/libzip.dylib
0x000000012ca5f000 	/Library/Java/JavaVirtualMachines/jdk1.8.0_181.jdk/Contents/Home/jre/lib/libawt.dylib
0x000000012cb09000 	/Library/Java/JavaVirtualMachines/jdk1.8.0_181.jdk/Contents/Home/jre/lib/./libmlib_image.dylib
0x00007fff32488000 	/System/Library/Frameworks/JavaVM.framework/Versions/A/Frameworks/JavaNativeFoundation.framework/Versions/A/JavaNativeFoundation
0x00007fff32491000 	/System/Library/Frameworks/JavaVM.framework/Versions/A/Frameworks/JavaRuntimeSupport.framework/Versions/A/JavaRuntimeSupport
0x00007fff3249a000 	/System/Library/Frameworks/JavaVM.framework/Versions/A/JavaVM
0x00007fff4bc83000 	/System/Library/PrivateFrameworks/JavaLaunching.framework/Versions/A/JavaLaunching
0x00007fff2d645000 	/System/Library/Frameworks/Carbon.framework/Versions/A/Carbon
0x00007fff2d646000 	/System/Library/Frameworks/Carbon.framework/Versions/A/Frameworks/CommonPanels.framework/Versions/A/CommonPanels
0x00007fff2d941000 	/System/Library/Frameworks/Carbon.framework/Versions/A/Frameworks/Help.framework/Versions/A/Help
0x00007fff2d945000 	/System/Library/Frameworks/Carbon.framework/Versions/A/Frameworks/ImageCapture.framework/Versions/A/ImageCapture
0x00007fff2d9e1000 	/System/Library/Frameworks/Carbon.framework/Versions/A/Frameworks/OpenScripting.framework/Versions/A/OpenScripting
0x00007fff2da19000 	/System/Library/Frameworks/Carbon.framework/Versions/A/Frameworks/Print.framework/Versions/A/Print
0x00007fff2da1b000 	/System/Library/Frameworks/Carbon.framework/Versions/A/Frameworks/SecurityHI.framework/Versions/A/SecurityHI
0x000000012cbd5000 	/Library/Java/JavaVirtualMachines/jdk1.8.0_181.jdk/Contents/Home/jre/lib/libawt_lwawt.dylib
0x000000012cc8f000 	/Library/Java/JavaVirtualMachines/jdk1.8.0_181.jdk/Contents/Home/jre/lib/./libosxapp.dylib
0x00007fff30589000 	/System/Library/Frameworks/ExceptionHandling.framework/Versions/A/ExceptionHandling
0x00007fff4255c000 	/System/Library/PrivateFrameworks/CoreServicesInternal.framework/Versions/A/CoreServicesInternal
0x00007fff22b43000 	/System/Library/CoreServices/RawCamera.bundle/Contents/MacOS/RawCamera
0x00007fff4cc77000 	/System/Library/PrivateFrameworks/MobileAsset.framework/Versions/A/MobileAsset
0x00007fff5459e000 	/System/Library/PrivateFrameworks/StreamingZip.framework/Versions/A/StreamingZip
0x00007fff3282c000 	/System/Library/Frameworks/MediaToolbox.framework/Versions/A/MediaToolbox
0x00007fff416b0000 	/System/Library/PrivateFrameworks/CoreAVCHD.framework/Versions/A/CoreAVCHD
0x00007fff32772000 	/System/Library/Frameworks/MediaAccessibility.framework/Versions/A/MediaAccessibility
0x00007fff4c6d4000 	/System/Library/PrivateFrameworks/Mangrove.framework/Versions/A/Mangrove
0x00007fff2f422000 	/System/Library/Frameworks/CoreMedia.framework/Versions/A/CoreMedia
0x00007fff3a284000 	/System/Library/Frameworks/VideoToolbox.framework/Versions/A/VideoToolbox
0x00007fff412cc000 	/System/Library/PrivateFrameworks/CoreAUC.framework/Versions/A/CoreAUC
0x00007fff59406000 	/usr/lib/libspindump.dylib
0x00007fff3e988000 	/System/Library/PrivateFrameworks/AppleVA.framework/Versions/A/AppleVA
0x00007fff2a7a1000 	/System/Library/Frameworks/Accelerate.framework/Versions/A/Frameworks/vImage.framework/Versions/A/Libraries/libCGInterfaces.dylib
0x00007fff2ca94000 	/System/Library/Frameworks/ApplicationServices.framework/Versions/A/Frameworks/ATS.framework/Versions/A/Resources/libTrueTypeScaler.dylib
0x00007fff22e9f000 	/System/Library/Extensions/AMDMTLBronzeDriver.bundle/Contents/MacOS/AMDMTLBronzeDriver
0x00007fff4b6cf000 	/System/Library/PrivateFrameworks/IOAccelMemoryInfo.framework/Versions/A/IOAccelMemoryInfo
0x00007fff27963000 	/System/Library/Extensions/AppleIntelKBLGraphicsMTLDriver.bundle/Contents/MacOS/AppleIntelKBLGraphicsMTLDriver
0x00007fff47d66000 	/System/Library/PrivateFrameworks/GPUCompiler.framework/Versions/3902/Libraries/libmetal_timestamp.dylib
0x00007fff444bc000 	/System/Library/PrivateFrameworks/FamilyControls.framework/Versions/A/FamilyControls
0x00007fff40e1d000 	/System/Library/PrivateFrameworks/CommerceKit.framework/Versions/A/Frameworks/CommerceCore.framework/Versions/A/CommerceCore
0x00007fff54923000 	/System/Library/PrivateFrameworks/SystemAdministration.framework/Versions/A/SystemAdministration
0x00007fff3e25b000 	/System/Library/PrivateFrameworks/AppContainer.framework/Versions/A/AppContainer
0x00007fff3e277000 	/System/Library/PrivateFrameworks/AppSandbox.framework/Versions/A/AppSandbox
0x00007fff52415000 	/System/Library/PrivateFrameworks/SecCodeWrapper.framework/Versions/A/SecCodeWrapper
0x00007fff593b7000 	/usr/lib/libsandbox.1.dylib
0x00007fff570ea000 	/usr/lib/libMatch.1.dylib
0x00007fff43366000 	/System/Library/PrivateFrameworks/DiskManagement.framework/Versions/A/DiskManagement
0x00007fff30305000 	/System/Library/Frameworks/DirectoryService.framework/Versions/A/DirectoryService
0x00007fff43297000 	/System/Library/PrivateFrameworks/DiskImages.framework/Versions/A/DiskImages
0x00007fff4bfaa000 	/System/Library/PrivateFrameworks/LoginUIKit.framework/Versions/A/Frameworks/LoginUICore.framework/Versions/A/LoginUICore
0x00007fff56dae000 	/usr/lib/libCoreStorage.dylib
0x00007fff57c77000 	/usr/lib/libcsfde.dylib
0x00007fff59237000 	/usr/lib/libodfde.dylib
0x00007fff4c7ec000 	/System/Library/PrivateFrameworks/MediaKit.framework/Versions/A/MediaKit
0x00007fff30311000 	/System/Library/Frameworks/DiscRecording.framework/Versions/A/DiscRecording
0x00007fff434d8000 	/System/Library/PrivateFrameworks/EFILogin.framework/Versions/A/EFILogin
0x00007fff509a3000 	/System/Library/PrivateFrameworks/ProtectedCloudStorage.framework/Versions/A/ProtectedCloudStorage
0x00007fff57d09000 	/usr/lib/libcurl.4.dylib
0x00007fff57b76000 	/usr/lib/libcrypto.42.dylib
0x00007fff596a9000 	/usr/lib/libssl.44.dylib
0x00007fff324b9000 	/System/Library/Frameworks/LDAP.framework/Versions/A/LDAP
0x00007fff54fb3000 	/System/Library/PrivateFrameworks/TrustEvaluationAgent.framework/Versions/A/TrustEvaluationAgent
0x00007fff593f3000 	/usr/lib/libsasl2.2.dylib
0x00007fff41908000 	/System/Library/PrivateFrameworks/CoreDaemon.framework/Versions/B/CoreDaemon
0x00007fff3e89d000 	/System/Library/PrivateFrameworks/AppleSRP.framework/Versions/A/AppleSRP
0x00007fff55dec000 	/System/Library/PrivateFrameworks/ViewBridge.framework/Versions/A/ViewBridge
0x000000012fe4f000 	/usr/lib/libobjc-trampolines.dylib
0x00000001314bf000 	/Library/Java/JavaVirtualMachines/jdk1.8.0_181.jdk/Contents/Home/jre/lib/libfontmanager.dylib
0x00007fff37fd1000 	/System/Library/Frameworks/OpenGL.framework/Versions/A/Resources/GLEngine.bundle/GLEngine
0x00007fff37473000 	/System/Library/Frameworks/OpenGL.framework/Versions/A/Libraries/libGLProgrammability.dylib
0x00007fff26b8e000 	/System/Library/Extensions/AppleIntelKBLGraphicsGLDriver.bundle/Contents/MacOS/AppleIntelKBLGraphicsGLDriver
0x00007fff493fb000 	/System/Library/PrivateFrameworks/GPUSupport.framework/Versions/A/Libraries/libGPUSupportMercury.dylib
0x0000000131529000 	/System/Library/Extensions/AMDRadeonX4000GLDriver.bundle/Contents/MacOS/AMDRadeonX4000GLDriver
0x00007fff22fab000 	/System/Library/Extensions/AMDRadeonX4000GLDriver.bundle/Contents/MacOS/ATIRadeonX4000SCLib.dylib
0x00007fff38169000 	/System/Library/Frameworks/OpenGL.framework/Versions/A/Resources/GLRendererFloat.bundle/GLRendererFloat
0x00007fff36a3d000 	/System/Library/Frameworks/OpenCL.framework/Versions/A/Libraries/libcldcpuengine.dylib
0x00007fff5797c000 	/usr/lib/libcrypto.35.dylib
0x00000001317aa000 	/Library/Java/JavaVirtualMachines/jdk1.8.0_181.jdk/Contents/Home/jre/lib/libosxui.dylib
0x00000001321cf000 	/Users/oscartenesaca/eclipse-workspace/SE-Clips/libCLIPSJNI.jnilib
0x00000001331d8000 	/Library/Java/JavaVirtualMachines/jdk1.8.0_181.jdk/Contents/Home/jre/lib/libnet.dylib
0x000000012ff31000 	/Library/Java/JavaVirtualMachines/jdk1.8.0_181.jdk/Contents/Home/jre/lib/libnio.dylib
0x00007fff56aa3000 	/System/Library/PrivateFrameworks/login.framework/Versions/A/login

VM Arguments:
jvm_args: -Dfile.encoding=UTF-8 
java_command: ejercicio.clips.vista.Venatana
java_class_path (initial): /Users/oscartenesaca/eclipse-workspace/SE-Clips/bin:/Users/oscartenesaca/eclipse-workspace/SE-Clips/CLIPSJNI.jar
Launcher Type: SUN_STANDARD

Environment Variables:
PATH=/usr/bin:/bin:/usr/sbin:/sbin
SHELL=/bin/bash

Signal Handlers:
SIGSEGV: [libjvm.dylib+0x5b6029], sa_mask[0]=11111111011111110111111111111111, sa_flags=SA_ONSTACK|SA_RESTART|SA_SIGINFO
SIGBUS: [libjvm.dylib+0x5b6029], sa_mask[0]=11111111011111110111111111111111, sa_flags=SA_RESTART|SA_SIGINFO
SIGFPE: [libjvm.dylib+0x48b934], sa_mask[0]=11111111011111110111111111111111, sa_flags=SA_RESTART|SA_SIGINFO
SIGPIPE: [libjvm.dylib+0x48b934], sa_mask[0]=11111111011111110111111111111111, sa_flags=SA_RESTART|SA_SIGINFO
SIGXFSZ: [libjvm.dylib+0x48b934], sa_mask[0]=11111111011111110111111111111111, sa_flags=SA_RESTART|SA_SIGINFO
SIGILL: [libjvm.dylib+0x48b934], sa_mask[0]=11111111011111110111111111111111, sa_flags=SA_RESTART|SA_SIGINFO
SIGUSR1: SIG_DFL, sa_mask[0]=00000000000000000000000000000000, sa_flags=none
SIGUSR2: [libjvm.dylib+0x48b452], sa_mask[0]=00100000000000000000000000000000, sa_flags=SA_RESTART|SA_SIGINFO
SIGHUP: [libjvm.dylib+0x489a1d], sa_mask[0]=11111111011111110111111111111111, sa_flags=SA_RESTART|SA_SIGINFO
SIGINT: [libjvm.dylib+0x489a1d], sa_mask[0]=11111111011111110111111111111111, sa_flags=SA_RESTART|SA_SIGINFO
SIGTERM: [libjvm.dylib+0x489a1d], sa_mask[0]=11111111011111110111111111111111, sa_flags=SA_RESTART|SA_SIGINFO
SIGQUIT: [libjvm.dylib+0x489a1d], sa_mask[0]=11111111011111110111111111111111, sa_flags=SA_RESTART|SA_SIGINFO


---------------  S Y S T E M  ---------------

OS:Bsduname:Darwin 18.6.0 Darwin Kernel Version 18.6.0: Thu Apr 25 23:16:27 PDT 2019; root:xnu-4903.261.4~2/RELEASE_X86_64 x86_64
rlimit: STACK 8192k, CORE 0k, NPROC 1418, NOFILE 10240, AS infinity
load average:1.42 1.71 1.72

CPU:total 12 (initial active 12) (6 cores per cpu, 2 threads per core) family 6 model 158 stepping 10, cmov, cx8, fxsr, mmx, sse, sse2, sse3, ssse3, sse4.1, sse4.2, popcnt, avx, avx2, aes, clmul, erms, rtm, 3dnowpref, lzcnt, ht, tsc, tscinvbit, bmi1, bmi2, adx

Memory: 4k page, physical 16777216k(1131308k free)

/proc/meminfo:


vm_info: Java HotSpot(TM) 64-Bit Server VM (25.181-b13) for bsd-amd64 JRE (1.8.0_181-b13), built on Jul  7 2018 01:02:31 by "java_re" with gcc 4.2.1 (Based on Apple Inc. build 5658) (LLVM build 2336.11.00)

time: Sun Jun  2 11:41:28 2019
elapsed time: 32 seconds (0d 0h 0m 32s)

