#
# A fatal error has been detected by the Java Runtime Environment:
#
#  EXCEPTION_ACCESS_VIOLATION (0xc0000005) at pc=0x00007ff8e59c3cd9, pid=9148, tid=0x00000000000045b8
#
# JRE version: Java(TM) SE Runtime Environment (8.0_211-b12) (build 1.8.0_211-b12)
# Java VM: Java HotSpot(TM) 64-Bit Server VM (25.211-b12 mixed mode windows-amd64 compressed oops)
# Problematic frame:
# C  [CLIPSJNI.dll+0x103cd9]
#
# Failed to write core dump. Minidumps are not enabled by default on client versions of Windows
#
# If you would like to submit a bug report, please visit:
#   http://bugreport.java.com/bugreport/crash.jsp
# The crash happened outside the Java Virtual Machine in native code.
# See problematic frame for where to report the bug.
#

---------------  T H R E A D  ---------------

Current thread (0x00000000203a0000):  JavaThread "AWT-EventQueue-0" [_thread_in_native, id=17848, stack(0x0000000020f10000,0x0000000021010000)]

siginfo: ExceptionCode=0xc0000005, reading address 0x0000000000000030

Registers:
RAX=0x0000000000000000, RBX=0x000000001c858358, RCX=0x000000002b9d9f10, RDX=0x000000001e75e2e0
RSP=0x000000002100c950, RBP=0x000000002100cab0, RSI=0x00000000000003c0, RDI=0x000000000320835d
R8 =0x00007ff8e5a0ce00, R9 =0x000000000000000f, R10=0x000000001e75e2ef, R11=0x000000076b8e8b76
R12=0x0000000000000000, R13=0x000000001c858358, R14=0x000000002100cae8, R15=0x00000000203a0000
RIP=0x00007ff8e59c3cd9, EFLAGS=0x0000000000010202

Top of Stack: (sp=0x000000002100c950)
0x000000002100c950:   000000001c858358 000000000000000f
0x000000002100c960:   00000000203a0000 000000005ad162a6
0x000000002100c970:   000000076b8e8b30 000000001e75e2e0
0x000000002100c980:   000000000000000f 000000001c858358
0x000000002100c990:   00000000203a0000 00007ff8e58e57a4
0x000000002100c9a0:   000000002183a9d0 000000001e75e2e0
0x000000002100c9b0:   00007ff8e5a0ce00 0000000000000000
0x000000002100c9c0:   0000000000000000 0000000000000000
0x000000002100c9d0:   00000000203a01f8 0000000000000000
0x000000002100c9e0:   00000000000003c0 00007ff8e59705fb
0x000000002100c9f0:   000000002183a9d0 000000001e75e2e0
0x000000002100ca00:   0000000000000000 000000001c858358
0x000000002100ca10:   000000001e75e2e0 00000000203a01f8
0x000000002100ca20:   00000000203a0000 0000000003218c67
0x000000002100ca30:   00000000203a01f8 000000002100cae8
0x000000002100ca40:   000000002183a9d0 000000002100cad0 

Instructions: (pc=0x00007ff8e59c3cd9)
0x00007ff8e59c3cb9:   10 48 89 4c 24 08 48 83 ec 48 b8 08 00 00 00 48
0x00007ff8e59c3cc9:   6b c0 3a 48 8b 4c 24 50 48 8b 49 28 48 8b 04 01
0x00007ff8e59c3cd9:   48 83 78 30 00 74 1e b8 08 00 00 00 48 6b c0 3a
0x00007ff8e59c3ce9:   48 8b 4c 24 50 48 8b 49 28 48 8b 04 01 48 8b 4c 


Register to memory mapping:

RAX=0x0000000000000000 is an unknown value
RBX={method} {0x000000001c858360} 'load' '(JLjava/lang/String;)V' in 'net/sf/clipsrules/jni/Environment'
RCX=0x000000002b9d9f10 is an unknown value
RDX=0x000000001e75e2e0 is an unknown value
RSP=0x000000002100c950 is pointing into the stack for thread: 0x00000000203a0000
RBP=0x000000002100cab0 is pointing into the stack for thread: 0x00000000203a0000
RSI=0x00000000000003c0 is an unknown value
RDI=0x000000000320835d is at code_begin+2301 in an Interpreter codelet
invoke return entry points  [0x0000000003207a60, 0x0000000003208440]  2528 bytes
R8 =0x00007ff8e5a0ce00 is an unknown value
R9 =0x000000000000000f is an unknown value
R10=0x000000001e75e2ef is an unknown value
R11=0x000000076b8e8b76 is an unknown value
R12=0x0000000000000000 is an unknown value
R13={method} {0x000000001c858360} 'load' '(JLjava/lang/String;)V' in 'net/sf/clipsrules/jni/Environment'
R14=0x000000002100cae8 is pointing into the stack for thread: 0x00000000203a0000
R15=0x00000000203a0000 is a thread


Stack: [0x0000000020f10000,0x0000000021010000],  sp=0x000000002100c950,  free space=1010k
Native frames: (J=compiled Java code, j=interpreted, Vv=VM code, C=native code)
C  [CLIPSJNI.dll+0x103cd9]
C  [CLIPSJNI.dll+0x257a4]
C  [CLIPSJNI.dll+0xb05fb]
C  0x0000000003218c67

Java frames: (J=compiled Java code, j=interpreted, Vv=VM code)
j  net.sf.clipsrules.jni.Environment.load(JLjava/lang/String;)V+0
j  net.sf.clipsrules.jni.Environment.load(Ljava/lang/String;)V+6
j  clips.proyecto.vista.Main$2.actionPerformed(Ljava/awt/event/ActionEvent;)V+661
j  javax.swing.AbstractButton.fireActionPerformed(Ljava/awt/event/ActionEvent;)V+83
j  javax.swing.AbstractButton$Handler.actionPerformed(Ljava/awt/event/ActionEvent;)V+5
j  javax.swing.DefaultButtonModel.fireActionPerformed(Ljava/awt/event/ActionEvent;)V+34
j  javax.swing.DefaultButtonModel.setPressed(Z)V+117
j  javax.swing.plaf.basic.BasicButtonListener.mouseReleased(Ljava/awt/event/MouseEvent;)V+35
j  java.awt.Component.processMouseEvent(Ljava/awt/event/MouseEvent;)V+64
j  javax.swing.JComponent.processMouseEvent(Ljava/awt/event/MouseEvent;)V+23
j  java.awt.Component.processEvent(Ljava/awt/AWTEvent;)V+81
j  java.awt.Container.processEvent(Ljava/awt/AWTEvent;)V+18
J 852 C1 java.awt.Component.dispatchEventImpl(Ljava/awt/AWTEvent;)V (921 bytes) @ 0x00000000034d1f74 [0x00000000034cca40+0x5534]
J 770 C1 java.awt.Container.dispatchEventImpl(Ljava/awt/AWTEvent;)V (129 bytes) @ 0x000000000349ff8c [0x000000000349fe40+0x14c]
J 769 C1 java.awt.Component.dispatchEvent(Ljava/awt/AWTEvent;)V (6 bytes) @ 0x000000000349fac4 [0x000000000349f9c0+0x104]
j  java.awt.LightweightDispatcher.retargetMouseEvent(Ljava/awt/Component;ILjava/awt/event/MouseEvent;)V+349
j  java.awt.LightweightDispatcher.processMouseEvent(Ljava/awt/event/MouseEvent;)Z+155
j  java.awt.LightweightDispatcher.dispatchEvent(Ljava/awt/AWTEvent;)Z+50
J 770 C1 java.awt.Container.dispatchEventImpl(Ljava/awt/AWTEvent;)V (129 bytes) @ 0x000000000349ff2c [0x000000000349fe40+0xec]
j  java.awt.Window.dispatchEventImpl(Ljava/awt/AWTEvent;)V+19
J 769 C1 java.awt.Component.dispatchEvent(Ljava/awt/AWTEvent;)V (6 bytes) @ 0x000000000349fac4 [0x000000000349f9c0+0x104]
j  java.awt.EventQueue.dispatchEventImpl(Ljava/awt/AWTEvent;Ljava/lang/Object;)V+41
J 878 C1 java.awt.EventQueue$3.run()Ljava/lang/Void; (60 bytes) @ 0x00000000034df09c [0x00000000034dee80+0x21c]
J 877 C1 java.awt.EventQueue$3.run()Ljava/lang/Object; (5 bytes) @ 0x00000000034deb0c [0x00000000034dea80+0x8c]
v  ~StubRoutines::call_stub
J 639  java.security.AccessController.doPrivileged(Ljava/security/PrivilegedAction;Ljava/security/AccessControlContext;)Ljava/lang/Object; (0 bytes) @ 0x000000000344b966 [0x000000000344b900+0x66]
J 899 C1 java.awt.EventQueue$4.run()Ljava/lang/Object; (5 bytes) @ 0x000000000350c434 [0x000000000350c000+0x434]
v  ~StubRoutines::call_stub
J 639  java.security.AccessController.doPrivileged(Ljava/security/PrivilegedAction;Ljava/security/AccessControlContext;)Ljava/lang/Object; (0 bytes) @ 0x000000000344b966 [0x000000000344b900+0x66]
J 765 C1 java.awt.EventQueue.dispatchEvent(Ljava/awt/AWTEvent;)V (80 bytes) @ 0x000000000349b5fc [0x000000000349a740+0xebc]
J 768 C1 java.awt.EventDispatchThread.pumpOneEventForFilters(I)V (190 bytes) @ 0x000000000349dcdc [0x000000000349cb80+0x115c]
j  java.awt.EventDispatchThread.pumpEventsForFilter(ILjava/awt/Conditional;Ljava/awt/EventFilter;)V+35
j  java.awt.EventDispatchThread.pumpEventsForHierarchy(ILjava/awt/Conditional;Ljava/awt/Component;)V+11
j  java.awt.EventDispatchThread.pumpEvents(ILjava/awt/Conditional;)V+4
j  java.awt.EventDispatchThread.pumpEvents(Ljava/awt/Conditional;)V+3
j  java.awt.EventDispatchThread.run()V+9
v  ~StubRoutines::call_stub

---------------  P R O C E S S  ---------------

Java Threads: ( => current thread )
  0x00000000204e2800 JavaThread "TimerQueue" daemon [_thread_blocked, id=11744, stack(0x000000002df40000,0x000000002e040000)]
  0x000000002044f000 JavaThread "D3D Screen Updater" daemon [_thread_blocked, id=8152, stack(0x000000002cae0000,0x000000002cbe0000)]
  0x0000000002ece000 JavaThread "DestroyJavaVM" [_thread_blocked, id=9424, stack(0x0000000003000000,0x0000000003100000)]
=>0x00000000203a0000 JavaThread "AWT-EventQueue-0" [_thread_in_native, id=17848, stack(0x0000000020f10000,0x0000000021010000)]
  0x000000001e8ad000 JavaThread "AWT-Windows" daemon [_thread_in_native, id=16136, stack(0x0000000020cd0000,0x0000000020dd0000)]
  0x000000002039e000 JavaThread "AWT-Shutdown" [_thread_blocked, id=2764, stack(0x0000000020bd0000,0x0000000020cd0000)]
  0x000000002039d800 JavaThread "Java2D Disposer" daemon [_thread_blocked, id=11360, stack(0x0000000020ad0000,0x0000000020bd0000)]
  0x000000001e5b3000 JavaThread "Service Thread" daemon [_thread_blocked, id=4068, stack(0x000000001ff90000,0x0000000020090000)]
  0x000000001e52f000 JavaThread "C1 CompilerThread3" daemon [_thread_blocked, id=13108, stack(0x000000001fe90000,0x000000001ff90000)]
  0x000000001e52e800 JavaThread "C2 CompilerThread2" daemon [_thread_blocked, id=7408, stack(0x000000001fd90000,0x000000001fe90000)]
  0x000000001e525800 JavaThread "C2 CompilerThread1" daemon [_thread_blocked, id=16204, stack(0x000000001fc90000,0x000000001fd90000)]
  0x000000001e51f000 JavaThread "C2 CompilerThread0" daemon [_thread_blocked, id=8724, stack(0x000000001fb90000,0x000000001fc90000)]
  0x000000001e51c800 JavaThread "Attach Listener" daemon [_thread_blocked, id=8308, stack(0x000000001fa90000,0x000000001fb90000)]
  0x000000001ce4e000 JavaThread "Signal Dispatcher" daemon [_thread_blocked, id=17328, stack(0x000000001f990000,0x000000001fa90000)]
  0x000000001e513000 JavaThread "Finalizer" daemon [_thread_blocked, id=8040, stack(0x000000001f7a0000,0x000000001f8a0000)]
  0x00000000031fa000 JavaThread "Reference Handler" daemon [_thread_blocked, id=7932, stack(0x000000001f6a0000,0x000000001f7a0000)]

Other Threads:
  0x000000001ce36800 VMThread [stack: 0x000000001f5a0000,0x000000001f6a0000] [id=13808]
  0x000000001e5d5800 WatcherThread [stack: 0x0000000020090000,0x0000000020190000] [id=9416]

VM state:not at safepoint (normal execution)

VM Mutex/Monitor currently owned by a thread: None

heap address: 0x00000006c1800000, size: 4072 MB, Compressed Oops mode: Zero based, Oop shift amount: 3
Narrow klass base: 0x0000000000000000, Narrow klass shift: 3
Compressed class space size: 1073741824 Address: 0x00000007c0000000

Heap:
 PSYoungGen      total 76288K, used 13107K [0x000000076b300000, 0x0000000770800000, 0x00000007c0000000)
  eden space 65536K, 20% used [0x000000076b300000,0x000000076bfccfb0,0x000000076f300000)
  from space 10752K, 0% used [0x000000076fd80000,0x000000076fd80000,0x0000000770800000)
  to   space 10752K, 0% used [0x000000076f300000,0x000000076f300000,0x000000076fd80000)
 ParOldGen       total 175104K, used 0K [0x00000006c1800000, 0x00000006cc300000, 0x000000076b300000)
  object space 175104K, 0% used [0x00000006c1800000,0x00000006c1800000,0x00000006cc300000)
 Metaspace       used 10474K, capacity 10702K, committed 11008K, reserved 1058816K
  class space    used 1353K, capacity 1451K, committed 1536K, reserved 1048576K

Card table byte_map: [0x00000000125c0000,0x0000000012dc0000] byte_map_base: 0x000000000efb4000

Marking Bits: (ParMarkBitMap*) 0x000000005b3f5ce0
 Begin Bits: [0x0000000013d10000, 0x0000000017cb0000)
 End Bits:   [0x0000000017cb0000, 0x000000001bc50000)

Polling page: 0x0000000001090000

CodeCache: size=245760Kb used=3203Kb max_used=3203Kb free=242556Kb
 bounds [0x0000000003200000, 0x0000000003530000, 0x0000000012200000]
 total_blobs=1398 nmethods=939 adapters=371
 compilation: enabled

Compilation events (10 events):
Event: 9.383 Thread 0x000000001e52f000  935       1       sun.awt.windows.WObjectPeer::getTarget (5 bytes)
Event: 9.383 Thread 0x000000001e52f000 nmethod 935 0x0000000003520810 code [0x0000000003520960, 0x0000000003520a70]
Event: 9.452 Thread 0x000000001e52f000  936   !   3       sun.awt.PostEventQueue::postEvent (81 bytes)
Event: 9.452 Thread 0x000000001e52f000 nmethod 936 0x0000000003520ad0 code [0x0000000003520ca0, 0x0000000003521638]
Event: 9.452 Thread 0x000000001e52f000  937       3       java.nio.Buffer::remaining (10 bytes)
Event: 9.452 Thread 0x000000001e52f000 nmethod 937 0x0000000003521ad0 code [0x0000000003521c20, 0x0000000003521d70]
Event: 9.452 Thread 0x000000001e52f000  938       3       java.nio.Buffer::limit (62 bytes)
Event: 9.452 Thread 0x000000001e52f000 nmethod 938 0x0000000003521dd0 code [0x0000000003521f40, 0x0000000003522248]
Event: 9.452 Thread 0x000000001e52f000  939       3       java.nio.ByteBuffer::arrayOffset (35 bytes)
Event: 9.453 Thread 0x000000001e52f000 nmethod 939 0x0000000003522310 code [0x00000000035224a0, 0x00000000035227b8]

GC Heap History (0 events):
No events

Deoptimization events (5 events):
Event: 0.237 Thread 0x00000000203a0000 Uncommon trap: reason=null_check action=make_not_entrant pc=0x0000000003369dfc method=java.lang.String.equals(Ljava/lang/Object;)Z @ 8
Event: 1.659 Thread 0x00000000203a0000 Uncommon trap: reason=class_check action=maybe_recompile pc=0x000000000338440c method=java.lang.String.equals(Ljava/lang/Object;)Z @ 8
Event: 1.659 Thread 0x00000000203a0000 Uncommon trap: reason=class_check action=maybe_recompile pc=0x000000000338440c method=java.lang.String.equals(Ljava/lang/Object;)Z @ 8
Event: 1.802 Thread 0x00000000203a0000 Uncommon trap: reason=class_check action=maybe_recompile pc=0x000000000338440c method=java.lang.String.equals(Ljava/lang/Object;)Z @ 8
Event: 1.802 Thread 0x00000000203a0000 Uncommon trap: reason=class_check action=maybe_recompile pc=0x000000000338440c method=java.lang.String.equals(Ljava/lang/Object;)Z @ 8

Classes redefined (0 events):
No events

Internal exceptions (10 events):
Event: 0.028 Thread 0x0000000002ece000 Exception <a 'java/lang/NoSuchMethodError': Method sun.misc.Unsafe.prefetchRead(Ljava/lang/Object;J)V name or signature does not match> (0x000000076b307f98) thrown at [C:\re\workspace\8-2-build-windows-amd64-cygwin\jdk8u211\12973\hotspot\src\share\vm\prim
Event: 0.080 Thread 0x0000000002ece000 Exception <a 'java/security/PrivilegedActionException'> (0x000000076b3869b8) thrown at [C:\re\workspace\8-2-build-windows-amd64-cygwin\jdk8u211\12973\hotspot\src\share\vm\prims\jvm.cpp, line 1502]
Event: 0.080 Thread 0x0000000002ece000 Exception <a 'java/security/PrivilegedActionException'> (0x000000076b386bc8) thrown at [C:\re\workspace\8-2-build-windows-amd64-cygwin\jdk8u211\12973\hotspot\src\share\vm\prims\jvm.cpp, line 1502]
Event: 0.080 Thread 0x0000000002ece000 Exception <a 'java/security/PrivilegedActionException'> (0x000000076b38a838) thrown at [C:\re\workspace\8-2-build-windows-amd64-cygwin\jdk8u211\12973\hotspot\src\share\vm\prims\jvm.cpp, line 1502]
Event: 0.080 Thread 0x0000000002ece000 Exception <a 'java/security/PrivilegedActionException'> (0x000000076b38aa48) thrown at [C:\re\workspace\8-2-build-windows-amd64-cygwin\jdk8u211\12973\hotspot\src\share\vm\prims\jvm.cpp, line 1502]
Event: 0.084 Thread 0x0000000002ece000 Exception <a 'java/io/FileNotFoundException'> (0x000000076b38cc18) thrown at [C:\re\workspace\8-2-build-windows-amd64-cygwin\jdk8u211\12973\hotspot\src\share\vm\prims\jni.cpp, line 710]
Event: 0.106 Thread 0x0000000002ece000 Exception <a 'java/lang/NoSuchFieldError': method resolution failed> (0x000000076b5a5ea8) thrown at [C:\re\workspace\8-2-build-windows-amd64-cygwin\jdk8u211\12973\hotspot\src\share\vm\prims\methodHandles.cpp, line 1167]
Event: 0.107 Thread 0x0000000002ece000 Exception <a 'java/lang/NoSuchFieldError': method resolution failed> (0x000000076b5b3278) thrown at [C:\re\workspace\8-2-build-windows-amd64-cygwin\jdk8u211\12973\hotspot\src\share\vm\prims\methodHandles.cpp, line 1167]
Event: 0.143 Thread 0x00000000203a0000 Exception <a 'java/io/FileNotFoundException'> (0x000000076b82b590) thrown at [C:\re\workspace\8-2-build-windows-amd64-cygwin\jdk8u211\12973\hotspot\src\share\vm\prims\jni.cpp, line 710]
Event: 0.237 Thread 0x00000000203a0000 Implicit null exception at 0x0000000003369c1c to 0x0000000003369ded

Events (10 events):
Event: 2.564 loading class java/awt/event/ItemEvent
Event: 2.564 loading class java/awt/event/ItemEvent done
Event: 2.565 loading class javax/swing/plaf/basic/BasicRadioButtonUI$ButtonGroupInfo
Event: 2.565 loading class javax/swing/plaf/basic/BasicRadioButtonUI$ButtonGroupInfo done
Event: 2.565 loading class java/util/Vector$1
Event: 2.565 loading class java/util/Vector$1 done
Event: 4.092 Executing VM operation: EnableBiasedLocking
Event: 4.092 Executing VM operation: EnableBiasedLocking done
Event: 8.735 loading class java/awt/LightweightDispatcher$2
Event: 8.735 loading class java/awt/LightweightDispatcher$2 done


Dynamic libraries:
0x00007ff7b4200000 - 0x00007ff7b4237000 	C:\Program Files\Java\jre1.8.0_211\bin\javaw.exe
0x00007ff91b700000 - 0x00007ff91b8e1000 	C:\WINDOWS\SYSTEM32\ntdll.dll
0x00007ff91b4e0000 - 0x00007ff91b591000 	C:\WINDOWS\System32\KERNEL32.DLL
0x00007ff918430000 - 0x00007ff9186a3000 	C:\WINDOWS\System32\KERNELBASE.dll
0x00007ff91b430000 - 0x00007ff91b4d1000 	C:\WINDOWS\System32\ADVAPI32.dll
0x00007ff91add0000 - 0x00007ff91ae6e000 	C:\WINDOWS\System32\msvcrt.dll
0x00007ff91b5a0000 - 0x00007ff91b5fb000 	C:\WINDOWS\System32\sechost.dll
0x00007ff91a980000 - 0x00007ff91aaa4000 	C:\WINDOWS\System32\RPCRT4.dll
0x00007ff919120000 - 0x00007ff9192b0000 	C:\WINDOWS\System32\USER32.dll
0x00007ff917ca0000 - 0x00007ff917cc0000 	C:\WINDOWS\System32\win32u.dll
0x00007ff91a860000 - 0x00007ff91a888000 	C:\WINDOWS\System32\GDI32.dll
0x00007ff918750000 - 0x00007ff9188e2000 	C:\WINDOWS\System32\gdi32full.dll
0x00007ff9186b0000 - 0x00007ff91874f000 	C:\WINDOWS\System32\msvcp_win.dll
0x00007ff917af0000 - 0x00007ff917be8000 	C:\WINDOWS\System32\ucrtbase.dll
0x00007ff900420000 - 0x00007ff900689000 	C:\WINDOWS\WinSxS\amd64_microsoft.windows.common-controls_6595b64144ccf1df_6.0.17134.799_none_fb46a2653061bee5\COMCTL32.dll
0x00007ff918c50000 - 0x00007ff918f72000 	C:\WINDOWS\System32\combase.dll
0x00007ff918ae0000 - 0x00007ff918b5a000 	C:\WINDOWS\System32\bcryptPrimitives.dll
0x00007ff91af20000 - 0x00007ff91af4d000 	C:\WINDOWS\System32\IMM32.DLL
0x000000005aa10000 - 0x000000005aae2000 	C:\Program Files\Java\jre1.8.0_211\bin\msvcr100.dll
0x000000005abd0000 - 0x000000005b475000 	C:\Program Files\Java\jre1.8.0_211\bin\server\jvm.dll
0x00007ff91a850000 - 0x00007ff91a858000 	C:\WINDOWS\System32\PSAPI.DLL
0x00007ff914390000 - 0x00007ff914399000 	C:\WINDOWS\SYSTEM32\WSOCK32.dll
0x00007ff912ea0000 - 0x00007ff912eaa000 	C:\WINDOWS\SYSTEM32\VERSION.dll
0x00007ff912780000 - 0x00007ff9127a3000 	C:\WINDOWS\SYSTEM32\WINMM.dll
0x00007ff91aab0000 - 0x00007ff91ab1c000 	C:\WINDOWS\System32\WS2_32.dll
0x00007ff912750000 - 0x00007ff91277a000 	C:\WINDOWS\SYSTEM32\winmmbase.dll
0x00007ff917aa0000 - 0x00007ff917ae9000 	C:\WINDOWS\System32\cfgmgr32.dll
0x00007ff914220000 - 0x00007ff91422f000 	C:\Program Files\Java\jre1.8.0_211\bin\verify.dll
0x00007ff90ca70000 - 0x00007ff90ca99000 	C:\Program Files\Java\jre1.8.0_211\bin\java.dll
0x00007ff913ab0000 - 0x00007ff913ac6000 	C:\Program Files\Java\jre1.8.0_211\bin\zip.dll
0x00007ff9192b0000 - 0x00007ff91a6f0000 	C:\WINDOWS\System32\SHELL32.dll
0x00007ff91ae70000 - 0x00007ff91af19000 	C:\WINDOWS\System32\shcore.dll
0x00007ff917cc0000 - 0x00007ff9183cd000 	C:\WINDOWS\System32\windows.storage.dll
0x00007ff918b70000 - 0x00007ff918bc1000 	C:\WINDOWS\System32\shlwapi.dll
0x00007ff917a80000 - 0x00007ff917a91000 	C:\WINDOWS\System32\kernel.appcore.dll
0x00007ff917a10000 - 0x00007ff917a2f000 	C:\WINDOWS\System32\profapi.dll
0x00007ff917a30000 - 0x00007ff917a7c000 	C:\WINDOWS\System32\powrprof.dll
0x00007ff917a00000 - 0x00007ff917a0a000 	C:\WINDOWS\System32\FLTLIB.DLL
0x00007ff90a8e0000 - 0x00007ff90aa79000 	C:\Program Files\Java\jre1.8.0_211\bin\awt.dll
0x00007ff91ad00000 - 0x00007ff91adc2000 	C:\WINDOWS\System32\OLEAUT32.dll
0x00007ff915e20000 - 0x00007ff915eab000 	C:\WINDOWS\SYSTEM32\apphelp.dll
0x00007ff916090000 - 0x00007ff916128000 	C:\WINDOWS\system32\uxtheme.dll
0x00007ff91ab20000 - 0x00007ff91ac93000 	C:\WINDOWS\System32\MSCTF.dll
0x00007ff9163d0000 - 0x00007ff9163f9000 	C:\WINDOWS\system32\dwmapi.dll
0x00007ff91a6f0000 - 0x00007ff91a841000 	C:\WINDOWS\System32\ole32.dll
0x00007ff8e8b30000 - 0x00007ff8e8c50000 	C:\WINDOWS\system32\opengl32.dll
0x00007ff8f1030000 - 0x00007ff8f105c000 	C:\WINDOWS\SYSTEM32\GLU32.dll
0x00007ff90d410000 - 0x00007ff90d5a7000 	C:\WINDOWS\system32\d3d9.dll
0x00007ff90ebd0000 - 0x00007ff90ecbe000 	C:\WINDOWS\System32\DriverStore\FileRepository\nvaci.inf_amd64_b306ea7ba44d4637\nvldumdx.dll
0x00007ff9188f0000 - 0x00007ff918ad2000 	C:\WINDOWS\System32\crypt32.dll
0x00007ff9179e0000 - 0x00007ff9179f2000 	C:\WINDOWS\System32\MSASN1.dll
0x00007ff9183d0000 - 0x00007ff918427000 	C:\WINDOWS\System32\WINTRUST.DLL
0x00007ff91af50000 - 0x00007ff91af6d000 	C:\WINDOWS\System32\imagehlp.dll
0x00007ff917410000 - 0x00007ff917427000 	C:\WINDOWS\SYSTEM32\CRYPTSP.dll
0x00007ff916de0000 - 0x00007ff916e13000 	C:\WINDOWS\system32\rsaenh.dll
0x00007ff917540000 - 0x00007ff917565000 	C:\WINDOWS\SYSTEM32\bcrypt.dll
0x00007ff917430000 - 0x00007ff91743b000 	C:\WINDOWS\SYSTEM32\CRYPTBASE.dll
0x00007ff8dee50000 - 0x00007ff8e028c000 	C:\WINDOWS\System32\DriverStore\FileRepository\nvaci.inf_amd64_b306ea7ba44d4637\nvd3dumx.dll
0x00007ff90dbb0000 - 0x00007ff90dc74000 	C:\Program Files (x86)\NVIDIA Corporation\3D Vision\nvSCPAPI64.dll
0x00007ff91af80000 - 0x00007ff91b3cb000 	C:\WINDOWS\System32\SETUPAPI.dll
0x00007ff8f1980000 - 0x00007ff8f1c27000 	C:\WINDOWS\system32\nvspcap64.dll
0x00007ff903370000 - 0x00007ff903539000 	C:\WINDOWS\SYSTEM32\dbghelp.dll
0x00007ff903340000 - 0x00007ff903369000 	C:\WINDOWS\SYSTEM32\dbgcore.DLL
0x00007ff916ad0000 - 0x00007ff916b01000 	C:\WINDOWS\SYSTEM32\ntmarta.dll
0x00007ff916700000 - 0x00007ff916722000 	C:\WINDOWS\SYSTEM32\gpapi.dll
0x00007ff9128e0000 - 0x00007ff91290e000 	C:\WINDOWS\SYSTEM32\cryptnet.dll
0x00007ff8e58c0000 - 0x00007ff8e5a2f000 	D:\Users\Diego\eclipse-workspace\SEClipsProyecto\CLIPSJNI.dll
0x00007ff90cad0000 - 0x00007ff90cb19000 	C:\Program Files\Java\jre1.8.0_211\bin\fontmanager.dll
0x00007ff91b600000 - 0x00007ff91b6a0000 	C:\WINDOWS\System32\clbcatq.dll
0x00007ff911620000 - 0x00007ff9117ce000 	C:\WINDOWS\SYSTEM32\WindowsCodecs.dll
0x00007ff90cd10000 - 0x00007ff90cd68000 	C:\WINDOWS\system32\dataexchange.dll
0x00007ff914d90000 - 0x00007ff91509b000 	C:\WINDOWS\system32\d3d11.dll
0x00007ff915680000 - 0x00007ff91581c000 	C:\WINDOWS\system32\dcomp.dll
0x00007ff9167a0000 - 0x00007ff91685b000 	C:\WINDOWS\system32\dxgi.dll
0x00007ff9161c0000 - 0x00007ff916378000 	C:\WINDOWS\system32\twinapi.appcore.dll
0x00007ff916160000 - 0x00007ff916189000 	C:\WINDOWS\system32\RMCLIENT.dll
0x00007ff90d610000 - 0x00007ff90d6a6000 	C:\WINDOWS\System32\TextInputFramework.dll
0x00007ff9111b0000 - 0x00007ff9114ce000 	C:\WINDOWS\System32\CoreUIComponents.dll
0x00007ff915840000 - 0x00007ff91591a000 	C:\WINDOWS\System32\CoreMessaging.dll
0x00007ff914030000 - 0x00007ff91417d000 	C:\WINDOWS\SYSTEM32\wintypes.dll
0x00007ff90ea20000 - 0x00007ff90ea3a000 	C:\Program Files\Java\jre1.8.0_211\bin\net.dll
0x00007ff90d9e0000 - 0x00007ff90dba9000 	C:\WINDOWS\SYSTEM32\urlmon.dll
0x00007ff90e4f0000 - 0x00007ff90e796000 	C:\WINDOWS\SYSTEM32\iertutil.dll
0x00007ff917260000 - 0x00007ff9172c6000 	C:\WINDOWS\system32\mswsock.dll
0x00007ff90e9a0000 - 0x00007ff90e9b2000 	C:\Program Files\Java\jre1.8.0_211\bin\nio.dll
0x00007ff90a800000 - 0x00007ff90a842000 	C:\Program Files\Java\jre1.8.0_211\bin\t2k.dll

VM Arguments:
jvm_args: -Dfile.encoding=UTF-8 
java_command: clips.proyecto.vista.Main
java_class_path (initial): D:\Users\Diego\eclipse-workspace\SEClipsProyecto\bin;D:\Users\Diego\eclipse-workspace\SEClipsProyecto\CLIPSJNI.jar
Launcher Type: SUN_STANDARD

Environment Variables:
PATH=C:/Program Files/Java/jre1.8.0_211/bin/server;C:/Program Files/Java/jre1.8.0_211/bin;C:/Program Files/Java/jre1.8.0_211/lib/amd64;C:\Program Files (x86)\Common Files\Oracle\Java\javapath;C:\Program Files (x86)\Intel\Intel(R) Management Engine Components\iCLS\;C:\Program Files\Intel\Intel(R) Management Engine Components\iCLS\;C:\Windows\system32;C:\Windows;C:\Windows\System32\Wbem;C:\Windows\System32\WindowsPowerShell\v1.0\;C:\Program Files (x86)\Intel\Intel(R) Management Engine Components\DAL;C:\Program Files\Intel\Intel(R) Management Engine Components\DAL;C:\Program Files (x86)\Intel\Intel(R) Management Engine Components\IPT;C:\Program Files\Intel\Intel(R) Management Engine Components\IPT;C:\Program Files (x86)\NVIDIA Corporation\PhysX\Common;D:\Program Files\PuTTY\;C:\WINDOWS\system32;C:\WINDOWS;C:\WINDOWS\System32\Wbem;C:\WINDOWS\System32\WindowsPowerShell\v1.0\;C:\WINDOWS\System32\OpenSSH\;C:\Program Files\NVIDIA Corporation\NVIDIA NvDLISR;D:\Users\Diego\Anaconda3;D:\Users\Diego\Anaconda3\Library\mingw-w64\bin;D:\Users\Diego\Anaconda3\Library\usr\bin;D:\Users\Diego\Anaconda3\Library\bin;D:\Users\Diego\Anaconda3\Scripts;C:\xampp\mysql\lib;D:\Users\Diego\Desktop;
USERNAME=Diego
OS=Windows_NT
PROCESSOR_IDENTIFIER=Intel64 Family 6 Model 158 Stepping 10, GenuineIntel



---------------  S Y S T E M  ---------------

OS: Windows 10.0 , 64 bit Build 17134 (10.0.17134.753)

CPU:total 12 (initial active 12) (6 cores per cpu, 2 threads per core) family 6 model 158 stepping 10, cmov, cx8, fxsr, mmx, sse, sse2, sse3, ssse3, sse4.1, sse4.2, popcnt, avx, avx2, aes, clmul, erms, 3dnowpref, lzcnt, ht, tsc, tscinvbit, bmi1, bmi2, adx

Memory: 4k page, physical 16678708k(11319516k free), swap 17727284k(9142556k free)

vm_info: Java HotSpot(TM) 64-Bit Server VM (25.211-b12) for windows-amd64 JRE (1.8.0_211-b12), built on Apr  1 2019 20:53:26 by "java_re" with MS VC++ 10.0 (VS2010)

time: Tue Jun 04 18:51:24 2019
timezone: SA Pacific Standard Time
elapsed time: 9 seconds (0d 0h 0m 9s)

