#
# A fatal error has been detected by the Java Runtime Environment:
#
#  EXCEPTION_ACCESS_VIOLATION (0xc0000005) at pc=0x00007ff8e7c7e94f, pid=9064, tid=0x0000000000001cb4
#
# JRE version: Java(TM) SE Runtime Environment (8.0_211-b12) (build 1.8.0_211-b12)
# Java VM: Java HotSpot(TM) 64-Bit Server VM (25.211-b12 mixed mode windows-amd64 compressed oops)
# Problematic frame:
# C  [CLIPSJNI.dll+0x1e94f]
#
# Failed to write core dump. Minidumps are not enabled by default on client versions of Windows
#
# If you would like to submit a bug report, please visit:
#   http://bugreport.java.com/bugreport/crash.jsp
# The crash happened outside the Java Virtual Machine in native code.
# See problematic frame for where to report the bug.
#

---------------  T H R E A D  ---------------

Current thread (0x0000000020592000):  JavaThread "AWT-EventQueue-0" [_thread_in_native, id=7348, stack(0x0000000021010000,0x0000000021110000)]

siginfo: ExceptionCode=0xc0000005, reading address 0x000000000000000c

Registers:
RAX=0x0000000000000000, RBX=0x000000001c9c7f70, RCX=0x000000002bbfda90, RDX=0x00000000205921f8
RSP=0x000000002110cf00, RBP=0x000000002110cff8, RSI=0x00000000000004f8, RDI=0x000000000337835d
R8 =0x000000002192c2e0, R9 =0x00000000000000dc, R10=0x0000000003388c3b, R11=0x000000005adfcef0
R12=0x0000000000000000, R13=0x000000001c9c7f70, R14=0x000000002110d028, R15=0x0000000020592000
RIP=0x00007ff8e7c7e94f, EFLAGS=0x0000000000010206

Top of Stack: (sp=0x000000002110cf00)
0x000000002110cf00:   0000000000000000 000000002110cf20
0x000000002110cf10:   000000002110cf78 000000000337835d
0x000000002110cf20:   00000000205921f8 0000000000000001
0x000000002110cf30:   0000000000000000 00007ff8e7d10481
0x000000002110cf40:   000000002192c2e0 00000000205921f8
0x000000002110cf50:   000000001c6e1350 0000000000000000
0x000000002110cf60:   00000000205921f8 0000000000000000
0x000000002110cf70:   000000002110cf88 0000000003388c67
0x000000002110cf80:   00000000205921f8 000000002110d028
0x000000002110cf90:   000000002192c2e0 0000000000000000
0x000000002110cfa0:   000000002110cf90 000000001c6de834
0x000000002110cfb0:   000000002110d000 000000002110cfb8
0x000000002110cfc0:   0000000000000000 000000002110d028
0x000000002110cfd0:   000000001c9ca938 0000000000000000
0x000000002110cfe0:   000000001c9c7f70 0000000000000000
0x000000002110cff0:   000000002110d018 000000002110d070 

Instructions: (pc=0x00007ff8e7c7e94f)
0x00007ff8e7c7e92f:   cc 48 89 4c 24 08 48 83 ec 38 b8 08 00 00 00 48
0x00007ff8e7c7e93f:   6b c0 2a 48 8b 4c 24 40 48 8b 49 28 48 8b 04 01
0x00007ff8e7c7e94f:   83 78 0c 00 74 05 e9 6a 02 00 00 b8 08 00 00 00
0x00007ff8e7c7e95f:   48 6b c0 2a 48 8b 4c 24 40 48 8b 49 28 48 8b 04 


Register to memory mapping:

RAX=0x0000000000000000 is an unknown value
RBX={method} {0x000000001c9c7f78} 'reset' '(J)V' in 'net/sf/clipsrules/jni/Environment'
RCX=0x000000002bbfda90 is an unknown value
RDX=0x00000000205921f8 is an unknown value
RSP=0x000000002110cf00 is pointing into the stack for thread: 0x0000000020592000
RBP=0x000000002110cff8 is pointing into the stack for thread: 0x0000000020592000
RSI=0x00000000000004f8 is an unknown value
RDI=0x000000000337835d is at code_begin+2301 in an Interpreter codelet
invoke return entry points  [0x0000000003377a60, 0x0000000003378440]  2528 bytes
R8 =0x000000002192c2e0 is an unknown value
R9 =0x00000000000000dc is an unknown value
R10=0x0000000003388c3b is at code_begin+891 in an Interpreter codelet
method entry point (kind = native)  [0x00000000033888c0, 0x0000000003389280]  2496 bytes
R11=0x000000005adfcef0 is an unknown value
R12=0x0000000000000000 is an unknown value
R13={method} {0x000000001c9c7f78} 'reset' '(J)V' in 'net/sf/clipsrules/jni/Environment'
R14=0x000000002110d028 is pointing into the stack for thread: 0x0000000020592000
R15=0x0000000020592000 is a thread


Stack: [0x0000000021010000,0x0000000021110000],  sp=0x000000002110cf00,  free space=1011k
Native frames: (J=compiled Java code, j=interpreted, Vv=VM code, C=native code)
C  [CLIPSJNI.dll+0x1e94f]
C  [CLIPSJNI.dll+0xb0481]
C  0x0000000003388c67

Java frames: (J=compiled Java code, j=interpreted, Vv=VM code)
j  net.sf.clipsrules.jni.Environment.reset(J)V+0
j  net.sf.clipsrules.jni.Environment.reset()V+5
j  clips.proyecto.vista.Main$2.mouseClicked(Ljava/awt/event/MouseEvent;)V+436
j  java.awt.AWTEventMulticaster.mouseClicked(Ljava/awt/event/MouseEvent;)V+21
j  java.awt.Component.processMouseEvent(Ljava/awt/event/MouseEvent;)V+74
j  javax.swing.JComponent.processMouseEvent(Ljava/awt/event/MouseEvent;)V+23
J 1030 C1 java.awt.Component.processEvent(Ljava/awt/AWTEvent;)V (220 bytes) @ 0x00000000036f0764 [0x00000000036f0240+0x524]
J 1029 C1 java.awt.Container.processEvent(Ljava/awt/AWTEvent;)V (22 bytes) @ 0x00000000036efd8c [0x00000000036efa60+0x32c]
J 780 C1 java.awt.Component.dispatchEventImpl(Ljava/awt/AWTEvent;)V (921 bytes) @ 0x000000000361b6d4 [0x0000000003616180+0x5554]
J 868 C1 java.awt.Container.dispatchEventImpl(Ljava/awt/AWTEvent;)V (129 bytes) @ 0x00000000036513cc [0x0000000003651280+0x14c]
J 867 C1 java.awt.Component.dispatchEvent(Ljava/awt/AWTEvent;)V (6 bytes) @ 0x000000000364d104 [0x000000000364d000+0x104]
j  java.awt.LightweightDispatcher.retargetMouseEvent(Ljava/awt/Component;ILjava/awt/event/MouseEvent;)V+349
J 1045 C1 java.awt.LightweightDispatcher.processMouseEvent(Ljava/awt/event/MouseEvent;)Z (286 bytes) @ 0x0000000003702b44 [0x0000000003701300+0x1844]
J 987 C1 java.awt.LightweightDispatcher.dispatchEvent(Ljava/awt/AWTEvent;)Z (73 bytes) @ 0x00000000036bcb7c [0x00000000036bc740+0x43c]
J 868 C1 java.awt.Container.dispatchEventImpl(Ljava/awt/AWTEvent;)V (129 bytes) @ 0x000000000365136c [0x0000000003651280+0xec]
J 902 C1 java.awt.Window.dispatchEventImpl(Ljava/awt/AWTEvent;)V (23 bytes) @ 0x0000000003661624 [0x0000000003661040+0x5e4]
J 771 C1 java.awt.EventQueue.dispatchEventImpl(Ljava/awt/AWTEvent;Ljava/lang/Object;)V (149 bytes) @ 0x000000000360eb7c [0x000000000360d300+0x187c]
J 769 C1 java.awt.EventQueue$3.run()Ljava/lang/Void; (60 bytes) @ 0x000000000360c6dc [0x000000000360c4c0+0x21c]
J 768 C1 java.awt.EventQueue$3.run()Ljava/lang/Object; (5 bytes) @ 0x000000000360c14c [0x000000000360c0c0+0x8c]
v  ~StubRoutines::call_stub
J 646  java.security.AccessController.doPrivileged(Ljava/security/PrivilegedAction;Ljava/security/AccessControlContext;)Ljava/lang/Object; (0 bytes) @ 0x00000000035c7b66 [0x00000000035c7b00+0x66]
J 803 C1 java.awt.EventQueue$4.run()Ljava/lang/Object; (5 bytes) @ 0x00000000036316f4 [0x00000000036312c0+0x434]
v  ~StubRoutines::call_stub
J 646  java.security.AccessController.doPrivileged(Ljava/security/PrivilegedAction;Ljava/security/AccessControlContext;)Ljava/lang/Object; (0 bytes) @ 0x00000000035c7b66 [0x00000000035c7b00+0x66]
J 676 C1 java.awt.EventQueue.dispatchEvent(Ljava/awt/AWTEvent;)V (80 bytes) @ 0x00000000035d7ebc [0x00000000035d7000+0xebc]
J 678 C1 java.awt.EventDispatchThread.pumpOneEventForFilters(I)V (190 bytes) @ 0x00000000035db29c [0x00000000035da140+0x115c]
j  java.awt.EventDispatchThread.pumpEventsForFilter(ILjava/awt/Conditional;Ljava/awt/EventFilter;)V+35
j  java.awt.EventDispatchThread.pumpEventsForHierarchy(ILjava/awt/Conditional;Ljava/awt/Component;)V+11
j  java.awt.EventDispatchThread.pumpEvents(ILjava/awt/Conditional;)V+4
j  java.awt.EventDispatchThread.pumpEvents(Ljava/awt/Conditional;)V+3
j  java.awt.EventDispatchThread.run()V+9
v  ~StubRoutines::call_stub

---------------  P R O C E S S  ---------------

Java Threads: ( => current thread )
  0x00000000206d3800 JavaThread "TimerQueue" daemon [_thread_blocked, id=9740, stack(0x000000002e090000,0x000000002e190000)]
  0x000000002063e000 JavaThread "D3D Screen Updater" daemon [_thread_blocked, id=12916, stack(0x000000002cc30000,0x000000002cd30000)]
  0x000000000326e000 JavaThread "DestroyJavaVM" [_thread_blocked, id=9868, stack(0x00000000030f0000,0x00000000031f0000)]
=>0x0000000020592000 JavaThread "AWT-EventQueue-0" [_thread_in_native, id=7348, stack(0x0000000021010000,0x0000000021110000)]
  0x000000002058e800 JavaThread "AWT-Windows" daemon [_thread_in_native, id=18736, stack(0x0000000020e50000,0x0000000020f50000)]
  0x000000002058e000 JavaThread "AWT-Shutdown" [_thread_blocked, id=16660, stack(0x0000000020d50000,0x0000000020e50000)]
  0x000000002058d800 JavaThread "Java2D Disposer" daemon [_thread_blocked, id=18848, stack(0x0000000020c50000,0x0000000020d50000)]
  0x000000001e738800 JavaThread "Service Thread" daemon [_thread_blocked, id=13504, stack(0x0000000020110000,0x0000000020210000)]
  0x000000001e6b3800 JavaThread "C1 CompilerThread3" daemon [_thread_blocked, id=13192, stack(0x0000000020010000,0x0000000020110000)]
  0x000000001e6b2000 JavaThread "C2 CompilerThread2" daemon [_thread_blocked, id=18568, stack(0x000000001ff10000,0x0000000020010000)]
  0x000000001e6a9000 JavaThread "C2 CompilerThread1" daemon [_thread_blocked, id=11112, stack(0x000000001fe10000,0x000000001ff10000)]
  0x000000001e69e800 JavaThread "C2 CompilerThread0" daemon [_thread_blocked, id=17656, stack(0x000000001fd10000,0x000000001fe10000)]
  0x000000001e69c000 JavaThread "Attach Listener" daemon [_thread_blocked, id=12024, stack(0x000000001fc10000,0x000000001fd10000)]
  0x000000001e69b000 JavaThread "Signal Dispatcher" daemon [_thread_blocked, id=868, stack(0x000000001fb10000,0x000000001fc10000)]
  0x000000001e693000 JavaThread "Finalizer" daemon [_thread_blocked, id=8988, stack(0x000000001f920000,0x000000001fa20000)]
  0x000000000336c000 JavaThread "Reference Handler" daemon [_thread_blocked, id=9896, stack(0x000000001f820000,0x000000001f920000)]

Other Threads:
  0x000000001cfa6800 VMThread [stack: 0x000000001f720000,0x000000001f820000] [id=10080]
  0x000000001e763800 WatcherThread [stack: 0x0000000020210000,0x0000000020310000] [id=11148]

VM state:not at safepoint (normal execution)

VM Mutex/Monitor currently owned by a thread: None

heap address: 0x00000006c1800000, size: 4072 MB, Compressed Oops mode: Zero based, Oop shift amount: 3
Narrow klass base: 0x0000000000000000, Narrow klass shift: 3
Compressed class space size: 1073741824 Address: 0x00000007c0000000

Heap:
 PSYoungGen      total 76288K, used 13107K [0x000000076b300000, 0x0000000770800000, 0x00000007c0000000)
  eden space 65536K, 20% used [0x000000076b300000,0x000000076bfccfc0,0x000000076f300000)
  from space 10752K, 0% used [0x000000076fd80000,0x000000076fd80000,0x0000000770800000)
  to   space 10752K, 0% used [0x000000076f300000,0x000000076f300000,0x000000076fd80000)
 ParOldGen       total 175104K, used 0K [0x00000006c1800000, 0x00000006cc300000, 0x000000076b300000)
  object space 175104K, 0% used [0x00000006c1800000,0x00000006c1800000,0x00000006cc300000)
 Metaspace       used 10606K, capacity 10830K, committed 11008K, reserved 1058816K
  class space    used 1358K, capacity 1451K, committed 1536K, reserved 1048576K

Card table byte_map: [0x0000000012730000,0x0000000012f30000] byte_map_base: 0x000000000f124000

Marking Bits: (ParMarkBitMap*) 0x000000005b3f5ce0
 Begin Bits: [0x0000000013e80000, 0x0000000017e20000)
 End Bits:   [0x0000000017e20000, 0x000000001bdc0000)

Polling page: 0x0000000000df0000

CodeCache: size=245760Kb used=3663Kb max_used=3663Kb free=242096Kb
 bounds [0x0000000003370000, 0x0000000003710000, 0x0000000012370000]
 total_blobs=1512 nmethods=1051 adapters=373
 compilation: enabled

Compilation events (10 events):
Event: 27.477 Thread 0x000000001e69e800 nmethod 1044 0x0000000003700c90 code [0x0000000003700de0, 0x0000000003700e98]
Event: 27.499 Thread 0x000000001e6b3800 1045       3       java.awt.LightweightDispatcher::processMouseEvent (286 bytes)
Event: 27.500 Thread 0x000000001e6b3800 nmethod 1045 0x0000000003700f90 code [0x0000000003701300, 0x0000000003703118]
Event: 27.506 Thread 0x000000001e6b3800 1046       3       sun.awt.windows.WComponentPeer::handleJavaMouseEvent (76 bytes)
Event: 27.507 Thread 0x000000001e6b3800 nmethod 1046 0x00000000036ff710 code [0x00000000036ff940, 0x0000000003700778]
Event: 27.909 Thread 0x000000001e6a9000 1047       4       sun.java2d.pipe.RenderQueue::ensureCapacity (16 bytes)
Event: 27.909 Thread 0x000000001e6a9000 nmethod 1047 0x0000000003705450 code [0x00000000037055a0, 0x0000000003705648]
Event: 28.375 Thread 0x000000001e6b3800 1048       1       java.awt.event.MouseEvent::getButton (5 bytes)
Event: 28.376 Thread 0x000000001e6b3800 nmethod 1048 0x00000000036ff450 code [0x00000000036ff5a0, 0x00000000036ff6b0]
Event: 28.376 Thread 0x000000001e6b3800 1050       3       java.nio.CharBuffer::arrayOffset (35 bytes)

GC Heap History (0 events):
No events

Deoptimization events (5 events):
Event: 0.233 Thread 0x0000000020592000 Uncommon trap: reason=null_check action=make_not_entrant pc=0x00000000034dc754 method=java.lang.String.equals(Ljava/lang/Object;)Z @ 8
Event: 5.023 Thread 0x0000000020592000 Uncommon trap: reason=class_check action=maybe_recompile pc=0x00000000034f9950 method=java.lang.String.equals(Ljava/lang/Object;)Z @ 8
Event: 5.023 Thread 0x0000000020592000 Uncommon trap: reason=class_check action=maybe_recompile pc=0x00000000034f9950 method=java.lang.String.equals(Ljava/lang/Object;)Z @ 8
Event: 5.222 Thread 0x0000000020592000 Uncommon trap: reason=class_check action=maybe_recompile pc=0x00000000034f9950 method=java.lang.String.equals(Ljava/lang/Object;)Z @ 8
Event: 5.222 Thread 0x0000000020592000 Uncommon trap: reason=class_check action=maybe_recompile pc=0x00000000034f9950 method=java.lang.String.equals(Ljava/lang/Object;)Z @ 8

Classes redefined (0 events):
No events

Internal exceptions (10 events):
Event: 0.025 Thread 0x000000000326e000 Exception <a 'java/lang/NoSuchMethodError': Method sun.misc.Unsafe.prefetchRead(Ljava/lang/Object;J)V name or signature does not match> (0x000000076b307f98) thrown at [C:\re\workspace\8-2-build-windows-amd64-cygwin\jdk8u211\12973\hotspot\src\share\vm\prim
Event: 0.072 Thread 0x000000000326e000 Exception <a 'java/security/PrivilegedActionException'> (0x000000076b3869d8) thrown at [C:\re\workspace\8-2-build-windows-amd64-cygwin\jdk8u211\12973\hotspot\src\share\vm\prims\jvm.cpp, line 1502]
Event: 0.072 Thread 0x000000000326e000 Exception <a 'java/security/PrivilegedActionException'> (0x000000076b386be8) thrown at [C:\re\workspace\8-2-build-windows-amd64-cygwin\jdk8u211\12973\hotspot\src\share\vm\prims\jvm.cpp, line 1502]
Event: 0.073 Thread 0x000000000326e000 Exception <a 'java/security/PrivilegedActionException'> (0x000000076b38a858) thrown at [C:\re\workspace\8-2-build-windows-amd64-cygwin\jdk8u211\12973\hotspot\src\share\vm\prims\jvm.cpp, line 1502]
Event: 0.073 Thread 0x000000000326e000 Exception <a 'java/security/PrivilegedActionException'> (0x000000076b38aa68) thrown at [C:\re\workspace\8-2-build-windows-amd64-cygwin\jdk8u211\12973\hotspot\src\share\vm\prims\jvm.cpp, line 1502]
Event: 0.076 Thread 0x000000000326e000 Exception <a 'java/io/FileNotFoundException'> (0x000000076b38cc38) thrown at [C:\re\workspace\8-2-build-windows-amd64-cygwin\jdk8u211\12973\hotspot\src\share\vm\prims\jni.cpp, line 710]
Event: 0.100 Thread 0x000000000326e000 Exception <a 'java/lang/NoSuchFieldError': method resolution failed> (0x000000076b5a5ec0) thrown at [C:\re\workspace\8-2-build-windows-amd64-cygwin\jdk8u211\12973\hotspot\src\share\vm\prims\methodHandles.cpp, line 1167]
Event: 0.101 Thread 0x000000000326e000 Exception <a 'java/lang/NoSuchFieldError': method resolution failed> (0x000000076b5b3568) thrown at [C:\re\workspace\8-2-build-windows-amd64-cygwin\jdk8u211\12973\hotspot\src\share\vm\prims\methodHandles.cpp, line 1167]
Event: 0.138 Thread 0x0000000020592000 Exception <a 'java/io/FileNotFoundException'> (0x000000076b82b590) thrown at [C:\re\workspace\8-2-build-windows-amd64-cygwin\jdk8u211\12973\hotspot\src\share\vm\prims\jni.cpp, line 710]
Event: 0.233 Thread 0x0000000020592000 Implicit null exception at 0x00000000034dc566 to 0x00000000034dc745

Events (10 events):
Event: 5.222 Thread 0x0000000020592000 DEOPT PACKING pc=0x00000000034f9950 sp=0x000000002110cc80
Event: 5.222 Thread 0x0000000020592000 DEOPT UNPACKING pc=0x00000000033b583b sp=0x000000002110cc10 mode 2
Event: 7.017 loading class javax/swing/plaf/basic/BasicButtonListener$Actions
Event: 7.017 loading class javax/swing/plaf/basic/BasicButtonListener$Actions done
Event: 7.161 loading class java/awt/event/ItemEvent
Event: 7.161 loading class java/awt/event/ItemEvent done
Event: 7.328 loading class javax/swing/plaf/basic/BasicRadioButtonUI$ButtonGroupInfo
Event: 7.328 loading class javax/swing/plaf/basic/BasicRadioButtonUI$ButtonGroupInfo done
Event: 7.328 loading class java/util/Vector$1
Event: 7.328 loading class java/util/Vector$1 done


Dynamic libraries:
0x00007ff62ea20000 - 0x00007ff62ea57000 	C:\Program Files\Java\jre1.8.0_211\bin\javaw.exe
0x00007ff91b700000 - 0x00007ff91b8e1000 	C:\WINDOWS\SYSTEM32\ntdll.dll
0x00007ff91b4e0000 - 0x00007ff91b591000 	C:\WINDOWS\System32\KERNEL32.DLL
0x00007ff918430000 - 0x00007ff9186a3000 	C:\WINDOWS\System32\KERNELBASE.dll
0x00007ff91b430000 - 0x00007ff91b4d1000 	C:\WINDOWS\System32\ADVAPI32.dll
0x00007ff91add0000 - 0x00007ff91ae6e000 	C:\WINDOWS\System32\msvcrt.dll
0x00007ff91b5a0000 - 0x00007ff91b5fb000 	C:\WINDOWS\System32\sechost.dll
0x00007ff91a980000 - 0x00007ff91aaa4000 	C:\WINDOWS\System32\RPCRT4.dll
0x00007ff919120000 - 0x00007ff9192b0000 	C:\WINDOWS\System32\USER32.dll
0x00007ff917ca0000 - 0x00007ff917cc0000 	C:\WINDOWS\System32\win32u.dll
0x00007ff91a860000 - 0x00007ff91a888000 	C:\WINDOWS\System32\GDI32.dll
0x00007ff918750000 - 0x00007ff9188e2000 	C:\WINDOWS\System32\gdi32full.dll
0x00007ff9186b0000 - 0x00007ff91874f000 	C:\WINDOWS\System32\msvcp_win.dll
0x00007ff917af0000 - 0x00007ff917be8000 	C:\WINDOWS\System32\ucrtbase.dll
0x00007ff900420000 - 0x00007ff900689000 	C:\WINDOWS\WinSxS\amd64_microsoft.windows.common-controls_6595b64144ccf1df_6.0.17134.799_none_fb46a2653061bee5\COMCTL32.dll
0x00007ff918c50000 - 0x00007ff918f72000 	C:\WINDOWS\System32\combase.dll
0x00007ff918ae0000 - 0x00007ff918b5a000 	C:\WINDOWS\System32\bcryptPrimitives.dll
0x00007ff91af20000 - 0x00007ff91af4d000 	C:\WINDOWS\System32\IMM32.DLL
0x000000005aa10000 - 0x000000005aae2000 	C:\Program Files\Java\jre1.8.0_211\bin\msvcr100.dll
0x000000005abd0000 - 0x000000005b475000 	C:\Program Files\Java\jre1.8.0_211\bin\server\jvm.dll
0x00007ff91a850000 - 0x00007ff91a858000 	C:\WINDOWS\System32\PSAPI.DLL
0x00007ff914230000 - 0x00007ff914239000 	C:\WINDOWS\SYSTEM32\WSOCK32.dll
0x00007ff912780000 - 0x00007ff9127a3000 	C:\WINDOWS\SYSTEM32\WINMM.dll
0x00007ff912ea0000 - 0x00007ff912eaa000 	C:\WINDOWS\SYSTEM32\VERSION.dll
0x00007ff91aab0000 - 0x00007ff91ab1c000 	C:\WINDOWS\System32\WS2_32.dll
0x00007ff912750000 - 0x00007ff91277a000 	C:\WINDOWS\SYSTEM32\winmmbase.dll
0x00007ff917aa0000 - 0x00007ff917ae9000 	C:\WINDOWS\System32\cfgmgr32.dll
0x00007ff914220000 - 0x00007ff91422f000 	C:\Program Files\Java\jre1.8.0_211\bin\verify.dll
0x00007ff8ffcc0000 - 0x00007ff8ffce9000 	C:\Program Files\Java\jre1.8.0_211\bin\java.dll
0x00007ff9139f0000 - 0x00007ff913a06000 	C:\Program Files\Java\jre1.8.0_211\bin\zip.dll
0x00007ff9192b0000 - 0x00007ff91a6f0000 	C:\WINDOWS\System32\SHELL32.dll
0x00007ff91ae70000 - 0x00007ff91af19000 	C:\WINDOWS\System32\shcore.dll
0x00007ff917cc0000 - 0x00007ff9183cd000 	C:\WINDOWS\System32\windows.storage.dll
0x00007ff918b70000 - 0x00007ff918bc1000 	C:\WINDOWS\System32\shlwapi.dll
0x00007ff917a80000 - 0x00007ff917a91000 	C:\WINDOWS\System32\kernel.appcore.dll
0x00007ff917a10000 - 0x00007ff917a2f000 	C:\WINDOWS\System32\profapi.dll
0x00007ff917a30000 - 0x00007ff917a7c000 	C:\WINDOWS\System32\powrprof.dll
0x00007ff917a00000 - 0x00007ff917a0a000 	C:\WINDOWS\System32\FLTLIB.DLL
0x00007ff8df270000 - 0x00007ff8df409000 	C:\Program Files\Java\jre1.8.0_211\bin\awt.dll
0x00007ff91ad00000 - 0x00007ff91adc2000 	C:\WINDOWS\System32\OLEAUT32.dll
0x00007ff915e20000 - 0x00007ff915eab000 	C:\WINDOWS\SYSTEM32\apphelp.dll
0x00007ff916090000 - 0x00007ff916128000 	C:\WINDOWS\system32\uxtheme.dll
0x00007ff91ab20000 - 0x00007ff91ac93000 	C:\WINDOWS\System32\MSCTF.dll
0x00007ff9163d0000 - 0x00007ff9163f9000 	C:\WINDOWS\system32\dwmapi.dll
0x00007ff91a6f0000 - 0x00007ff91a841000 	C:\WINDOWS\System32\ole32.dll
0x00007ff8e3fb0000 - 0x00007ff8e40d0000 	C:\WINDOWS\system32\opengl32.dll
0x00007ff8ede80000 - 0x00007ff8edeac000 	C:\WINDOWS\SYSTEM32\GLU32.dll
0x00007ff90d410000 - 0x00007ff90d5a7000 	C:\WINDOWS\system32\d3d9.dll
0x00007ff90d320000 - 0x00007ff90d40e000 	C:\WINDOWS\System32\DriverStore\FileRepository\nvaci.inf_amd64_b306ea7ba44d4637\nvldumdx.dll
0x00007ff9188f0000 - 0x00007ff918ad2000 	C:\WINDOWS\System32\crypt32.dll
0x00007ff9179e0000 - 0x00007ff9179f2000 	C:\WINDOWS\System32\MSASN1.dll
0x00007ff9183d0000 - 0x00007ff918427000 	C:\WINDOWS\System32\WINTRUST.DLL
0x00007ff91af50000 - 0x00007ff91af6d000 	C:\WINDOWS\System32\imagehlp.dll
0x00007ff917410000 - 0x00007ff917427000 	C:\WINDOWS\SYSTEM32\CRYPTSP.dll
0x00007ff916de0000 - 0x00007ff916e13000 	C:\WINDOWS\system32\rsaenh.dll
0x00007ff917540000 - 0x00007ff917565000 	C:\WINDOWS\SYSTEM32\bcrypt.dll
0x00007ff917430000 - 0x00007ff91743b000 	C:\WINDOWS\SYSTEM32\CRYPTBASE.dll
0x00007ff8dc7c0000 - 0x00007ff8ddbfc000 	C:\WINDOWS\System32\DriverStore\FileRepository\nvaci.inf_amd64_b306ea7ba44d4637\nvd3dumx.dll
0x00007ff90dbb0000 - 0x00007ff90dc74000 	C:\Program Files (x86)\NVIDIA Corporation\3D Vision\nvSCPAPI64.dll
0x00007ff91af80000 - 0x00007ff91b3cb000 	C:\WINDOWS\System32\SETUPAPI.dll
0x00007ff8ee0f0000 - 0x00007ff8ee397000 	C:\WINDOWS\system32\nvspcap64.dll
0x00007ff903370000 - 0x00007ff903539000 	C:\WINDOWS\SYSTEM32\dbghelp.dll
0x00007ff903340000 - 0x00007ff903369000 	C:\WINDOWS\SYSTEM32\dbgcore.DLL
0x00007ff916ad0000 - 0x00007ff916b01000 	C:\WINDOWS\SYSTEM32\ntmarta.dll
0x00007ff916700000 - 0x00007ff916722000 	C:\WINDOWS\SYSTEM32\gpapi.dll
0x00007ff9128e0000 - 0x00007ff91290e000 	C:\WINDOWS\SYSTEM32\cryptnet.dll
0x00007ff8e7c60000 - 0x00007ff8e7dcf000 	D:\Users\Diego\eclipse-workspace\SEClipsProyecto\CLIPSJNI.dll
0x00007ff8e5f50000 - 0x00007ff8e5f99000 	C:\Program Files\Java\jre1.8.0_211\bin\fontmanager.dll
0x00007ff91b600000 - 0x00007ff91b6a0000 	C:\WINDOWS\System32\clbcatq.dll
0x00007ff911620000 - 0x00007ff9117ce000 	C:\WINDOWS\SYSTEM32\WindowsCodecs.dll
0x00007ff8ff9e0000 - 0x00007ff8ffa38000 	C:\WINDOWS\system32\dataexchange.dll
0x00007ff914d90000 - 0x00007ff91509b000 	C:\WINDOWS\system32\d3d11.dll
0x00007ff915680000 - 0x00007ff91581c000 	C:\WINDOWS\system32\dcomp.dll
0x00007ff9167a0000 - 0x00007ff91685b000 	C:\WINDOWS\system32\dxgi.dll
0x00007ff9161c0000 - 0x00007ff916378000 	C:\WINDOWS\system32\twinapi.appcore.dll
0x00007ff916160000 - 0x00007ff916189000 	C:\WINDOWS\system32\RMCLIENT.dll
0x00007ff90cb20000 - 0x00007ff90cbb6000 	C:\WINDOWS\System32\TextInputFramework.dll
0x00007ff9111b0000 - 0x00007ff9114ce000 	C:\WINDOWS\System32\CoreUIComponents.dll
0x00007ff915840000 - 0x00007ff91591a000 	C:\WINDOWS\System32\CoreMessaging.dll
0x00007ff914030000 - 0x00007ff91417d000 	C:\WINDOWS\SYSTEM32\wintypes.dll
0x00007ff8fdfd0000 - 0x00007ff8fdfea000 	C:\Program Files\Java\jre1.8.0_211\bin\net.dll
0x00007ff90d9e0000 - 0x00007ff90dba9000 	C:\WINDOWS\SYSTEM32\urlmon.dll
0x00007ff90e4f0000 - 0x00007ff90e796000 	C:\WINDOWS\SYSTEM32\iertutil.dll
0x00007ff917260000 - 0x00007ff9172c6000 	C:\WINDOWS\system32\mswsock.dll
0x00007ff8f4010000 - 0x00007ff8f4022000 	C:\Program Files\Java\jre1.8.0_211\bin\nio.dll
0x00007ff8e4ae0000 - 0x00007ff8e4b22000 	C:\Program Files\Java\jre1.8.0_211\bin\t2k.dll
0x00007ff911140000 - 0x00007ff9111a4000 	C:\WINDOWS\system32\Ninput.dll

VM Arguments:
jvm_args: -Dfile.encoding=UTF-8 
java_command: clips.proyecto.vista.Main
java_class_path (initial): D:\Users\Diego\eclipse-workspace\SEClipsProyecto\bin;D:\Users\Diego\eclipse-workspace\SEClipsProyecto\CLIPSJNI.jar
Launcher Type: SUN_STANDARD

Environment Variables:
PATH=C:/Program Files/Java/jre1.8.0_211/bin/server;C:/Program Files/Java/jre1.8.0_211/bin;C:/Program Files/Java/jre1.8.0_211/lib/amd64;C:\Program Files (x86)\Common Files\Oracle\Java\javapath;C:\Program Files (x86)\Intel\Intel(R) Management Engine Components\iCLS\;C:\Program Files\Intel\Intel(R) Management Engine Components\iCLS\;C:\Windows\system32;C:\Windows;C:\Windows\System32\Wbem;C:\Windows\System32\WindowsPowerShell\v1.0\;C:\Program Files (x86)\Intel\Intel(R) Management Engine Components\DAL;C:\Program Files\Intel\Intel(R) Management Engine Components\DAL;C:\Program Files (x86)\Intel\Intel(R) Management Engine Components\IPT;C:\Program Files\Intel\Intel(R) Management Engine Components\IPT;C:\Program Files (x86)\NVIDIA Corporation\PhysX\Common;D:\Program Files\PuTTY\;C:\WINDOWS\system32;C:\WINDOWS;C:\WINDOWS\System32\Wbem;C:\WINDOWS\System32\WindowsPowerShell\v1.0\;C:\WINDOWS\System32\OpenSSH\;C:\Program Files\NVIDIA Corporation\NVIDIA NvDLISR;D:\Users\Diego\Anaconda3;D:\Users\Diego\Anaconda3\Library\mingw-w64\bin;D:\Users\Diego\Anaconda3\Library\usr\bin;D:\Users\Diego\Anaconda3\Library\bin;D:\Users\Diego\Anaconda3\Scripts;C:\xampp\mysql\lib;D:\Users\Diego\Desktop;
USERNAME=Diego
OS=Windows_NT
PROCESSOR_IDENTIFIER=Intel64 Family 6 Model 158 Stepping 10, GenuineIntel



---------------  S Y S T E M  ---------------

OS: Windows 10.0 , 64 bit Build 17134 (10.0.17134.753)

CPU:total 12 (initial active 12) (6 cores per cpu, 2 threads per core) family 6 model 158 stepping 10, cmov, cx8, fxsr, mmx, sse, sse2, sse3, ssse3, sse4.1, sse4.2, popcnt, avx, avx2, aes, clmul, erms, 3dnowpref, lzcnt, ht, tsc, tscinvbit, bmi1, bmi2, adx

Memory: 4k page, physical 16678708k(9383244k free), swap 17727284k(7413164k free)

vm_info: Java HotSpot(TM) 64-Bit Server VM (25.211-b12) for windows-amd64 JRE (1.8.0_211-b12), built on Apr  1 2019 20:53:26 by "java_re" with MS VC++ 10.0 (VS2010)

time: Tue Jun 04 14:26:36 2019
timezone: SA Pacific Standard Time
elapsed time: 28 seconds (0d 0h 0m 28s)

